<?xml version="1.0" encoding="UTF-8"?>
<!-- Generated by org.testng.reporters.JUnitXMLReporter -->
<testsuite hostname="DESKTOP-A96QGMO" ignored="1" name="All Tips" tests="5" failures="0" timestamp="27 Aug 2019 14:00:39 GMT" time="440.921" errors="0">
  <testcase name="navigateToAllTips" time="77.383" classname="com.lifeco.tests.Content_Tips_AllTips_Test"/>
  <testcase name="VerifyAddTip" time="153.285" classname="com.lifeco.tests.Content_Tips_AllTips_Test"/>
  <testcase name="VerifyDisableTip" time="57.657" classname="com.lifeco.tests.Content_Tips_AllTips_Test"/>
  <testcase name="VerifyEnableTip" time="58.318" classname="com.lifeco.tests.Content_Tips_AllTips_Test"/>
  <testcase name="VerifyDeleteTip" time="49.885" classname="com.lifeco.tests.Content_Tips_AllTips_Test"/>
  <testcase name="VerifyEditTip" time="0.0" classname="com.lifeco.tests.Content_Tips_AllTips_Test">
    <ignored/>
  </testcase> <!-- VerifyEditTip -->
</testsuite> <!-- All Tips -->
