<?xml version="1.0" encoding="UTF-8"?>
<!-- Generated by org.testng.reporters.JUnitXMLReporter -->
<testsuite hostname="DESKTOP-A96QGMO" ignored="4" name="Content tips Categories" tests="1" failures="0" timestamp="04 Sep 2019 09:20:54 GMT" time="84.45" errors="0">
  <testcase name="deleteCategory" time="69.87" classname="com.lifeco.tests.Content_Tips_Categories_Test"/>
  <testcase name="editCategory" time="0.0" classname="com.lifeco.tests.Content_Tips_Categories_Test">
    <ignored/>
  </testcase> <!-- editCategory -->
  <testcase name="addCategory" time="0.0" classname="com.lifeco.tests.Content_Tips_Categories_Test">
    <ignored/>
  </testcase> <!-- addCategory -->
  <testcase name="navigateToCategory" time="0.0" classname="com.lifeco.tests.Content_Tips_Categories_Test">
    <ignored/>
  </testcase> <!-- navigateToCategory -->
  <testcase name="verifyErrorAddCategory" time="0.0" classname="com.lifeco.tests.Content_Tips_Categories_Test">
    <ignored/>
  </testcase> <!-- verifyErrorAddCategory -->
</testsuite> <!-- Content tips Categories -->
