<?xml version="1.0" encoding="UTF-8"?>
<!-- Generated by org.testng.reporters.JUnitXMLReporter -->
<testsuite hostname="DESKTOP-A96QGMO" ignored="1" name="Policyholder Invited " tests="2" failures="0" timestamp="28 Aug 2019 05:56:08 GMT" time="157.975" errors="0">
  <testcase name="verifyNavigateToPolicyholderInvitedTest" time="80.548" classname="com.lifeco.tests.Users_Policyholder_InvitedTest"/>
  <testcase name="verifyAddPolicyHolder" time="58.37" classname="com.lifeco.tests.Users_Policyholder_InvitedTest"/>
  <testcase name="verifyEditPolicyHolder" time="0.0" classname="com.lifeco.tests.Users_Policyholder_InvitedTest">
    <ignored/>
  </testcase> <!-- verifyEditPolicyHolder -->
</testsuite> <!-- Policyholder Invited  -->
