<?xml version="1.0" encoding="UTF-8"?>
<!-- Generated by org.testng.reporters.JUnitXMLReporter -->
<testsuite hostname="DESKTOP-A96QGMO" ignored="1" name="Policyholder policies Test" tests="2" failures="0" timestamp="28 Aug 2019 05:49:37 GMT" time="205.397" errors="0">
  <testcase name="navigateToPolicyHolderPolicies" time="54.388" classname="com.lifeco.tests.Users_Policyhoder_Policies_Test"/>
  <testcase name="verifyAddPolicy" time="132.738" classname="com.lifeco.tests.Users_Policyhoder_Policies_Test"/>
  <testcase name="verifyEditPolicy" time="0.0" classname="com.lifeco.tests.Users_Policyhoder_Policies_Test">
    <ignored/>
  </testcase> <!-- verifyEditPolicy -->
</testsuite> <!-- Policyholder policies Test -->
