<?xml version="1.0" encoding="UTF-8"?>
<!-- Generated by org.testng.reporters.JUnitXMLReporter -->
<testsuite hostname="DESKTOP-A96QGMO" ignored="2" name="User Policyholder Enrolled" tests="3" failures="0" timestamp="28 Aug 2019 05:53:30 GMT" time="233.041" errors="0">
  <testcase name="verifyNavigateToPolicyholderEnrolled" time="38.259" classname="com.lifeco.tests.Users_Policyholder_EnrolledTest"/>
  <testcase name="verifyCreateTag" time="48.275" classname="com.lifeco.tests.Users_Policyholder_EnrolledTest"/>
  <testcase name="createUser" time="123.085" classname="com.lifeco.tests.Users_Policyholder_EnrolledTest"/>
  <testcase name="editUser" time="0.0" classname="com.lifeco.tests.Users_Policyholder_EnrolledTest">
    <ignored/>
  </testcase> <!-- editUser -->
  <testcase name="VerifyDeleteUser" time="0.0" classname="com.lifeco.tests.Users_Policyholder_EnrolledTest">
    <ignored/>
  </testcase> <!-- VerifyDeleteUser -->
</testsuite> <!-- User Policyholder Enrolled -->
