<?xml version="1.0" encoding="UTF-8"?>
<!-- Generated by org.testng.reporters.JUnitXMLReporter -->
<testsuite hostname="DESKTOP-A96QGMO" ignored="4" name="Interactive Poll" tests="7" failures="0" timestamp="27 Aug 2019 12:50:38 GMT" time="600.953" errors="0">
  <testcase name="verifyNavigationToPollPage" time="27.901" classname="com.lifeco.tests.Content_Interactive_PollPage_Test"/>
  <testcase name="verifySelectionOfRecords" time="41.715" classname="com.lifeco.tests.Content_Interactive_PollPage_Test"/>
  <testcase name="createNewPoll" time="148.198" classname="com.lifeco.tests.Content_Interactive_PollPage_Test"/>
  <testcase name="verifyDeletePoll" time="49.416" classname="com.lifeco.tests.Content_Interactive_PollPage_Test"/>
  <testcase name="verifyDeselectAll" time="38.471" classname="com.lifeco.tests.Content_Interactive_PollPage_Test"/>
  <testcase name="verifyMinimize" time="37.068" classname="com.lifeco.tests.Content_Interactive_PollPage_Test"/>
  <testcase name="verifyRecords" time="200.767" classname="com.lifeco.tests.Content_Interactive_PollPage_Test"/>
  <testcase name="editPoll" time="0.0" classname="com.lifeco.tests.Content_Interactive_PollPage_Test">
    <ignored/>
  </testcase> <!-- editPoll -->
  <testcase name="verifyAllFieldsError" time="0.0" classname="com.lifeco.tests.Content_Interactive_PollPage_Test">
    <ignored/>
  </testcase> <!-- verifyAllFieldsError -->
  <testcase name="verify" time="0.0" classname="com.lifeco.tests.Content_Interactive_PollPage_Test">
    <ignored/>
  </testcase> <!-- verify -->
  <testcase name="verifySearchFunctionality" time="0.0" classname="com.lifeco.tests.Content_Interactive_PollPage_Test">
    <ignored/>
  </testcase> <!-- verifySearchFunctionality -->
</testsuite> <!-- Interactive Poll -->
