<?xml version="1.0" encoding="UTF-8"?>
<!-- Generated by org.testng.reporters.JUnitXMLReporter -->
<testsuite hostname="DESKTOP-A96QGMO" ignored="0" name="Interactive Quizzes" tests="7" failures="0" timestamp="27 Aug 2019 12:58:32 GMT" time="473.723" errors="0">
  <testcase name="verifyNavigationToQuizzPage" time="24.866" classname="com.lifeco.tests.Content_Interactive_Quizzes_Test"/>
  <testcase name="verifySelectionOfRecords" time="32.418" classname="com.lifeco.tests.Content_Interactive_Quizzes_Test"/>
  <testcase name="createNewQuizz" time="157.225" classname="com.lifeco.tests.Content_Interactive_Quizzes_Test"/>
  <testcase name="verifySearch" time="38.335" classname="com.lifeco.tests.Content_Interactive_Quizzes_Test"/>
  <testcase name="deleteQuizzError" time="34.859" classname="com.lifeco.tests.Content_Interactive_Quizzes_Test"/>
  <testcase name="deleteQuizz" time="57.528" classname="com.lifeco.tests.Content_Interactive_Quizzes_Test"/>
  <testcase name="verifyDeselectAll" time="65.742" classname="com.lifeco.tests.Content_Interactive_Quizzes_Test"/>
</testsuite> <!-- Interactive Quizzes -->
