<?xml version="1.0" encoding="UTF-8"?>
<!-- Generated by org.testng.reporters.JUnitXMLReporter -->
<testsuite hostname="DESKTOP-A96QGMO" ignored="2" name="Interactive Videos" tests="5" failures="0" timestamp="27 Aug 2019 13:04:56 GMT" time="384.234" errors="0">
  <testcase name="verifyNavigationToVideosPage" time="51.732" classname="com.lifeco.tests.Content_Interactive_Videos_Test"/>
  <testcase name="verifyAddVideo" time="109.349" classname="com.lifeco.tests.Content_Interactive_Videos_Test"/>
  <testcase name="verifyDeselectAll" time="44.208" classname="com.lifeco.tests.Content_Interactive_Videos_Test"/>
  <testcase name="verifyDelete" time="69.53" classname="com.lifeco.tests.Content_Interactive_Videos_Test"/>
  <testcase name="verifyErrorMsg" time="68.628" classname="com.lifeco.tests.Content_Interactive_Videos_Test"/>
  <testcase name="verifyCancelDelete" time="0.0" classname="com.lifeco.tests.Content_Interactive_Videos_Test">
    <ignored/>
  </testcase> <!-- verifyCancelDelete -->
  <testcase name="verifyEditVideo" time="0.0" classname="com.lifeco.tests.Content_Interactive_Videos_Test">
    <ignored/>
  </testcase> <!-- verifyEditVideo -->
</testsuite> <!-- Interactive Videos -->
