<?xml version="1.0" encoding="UTF-8"?>
<!-- Generated by org.testng.reporters.JUnitXMLReporter -->
<testsuite hostname="DESKTOP-A96QGMO" ignored="0" name="Behaviour Data CreateTag" tests="6" failures="0" timestamp="29 Aug 2019 13:30:34 GMT" time="491.854" errors="0">
  <testcase name="navigateToDataBehaviour" time="41.421" classname="com.lifeco.tests.Data_Behaviourdata_Test"/>
  <testcase name="createTagActivity" time="101.419" classname="com.lifeco.tests.Data_Behaviourdata_Test"/>
  <testcase name="createTagGoal" time="57.844" classname="com.lifeco.tests.Data_Behaviourdata_Test"/>
  <testcase name="createTagUserChallenges" time="104.087" classname="com.lifeco.tests.Data_Behaviourdata_Test"/>
  <testcase name="createTagSocialData" time="78.014" classname="com.lifeco.tests.Data_Behaviourdata_Test"/>
  <testcase name="createTagPoints" time="56.131" classname="com.lifeco.tests.Data_Behaviourdata_Test"/>
</testsuite> <!-- Behaviour Data CreateTag -->
