<?xml version="1.0" encoding="UTF-8"?>
<!-- Generated by org.testng.reporters.JUnitXMLReporter -->
<testsuite hostname="DESKTOP-A96QGMO" ignored="11" name="Content Learining center" tests="1" failures="0" timestamp="13 Sep 2019 10:01:02 GMT" time="154.23" errors="0">
  <testcase name="verifyAddArtical_LinkToArtical" time="142.944" classname="com.lifeco.content.Content_LearningCenter_Configure_Test"/>
  <testcase name="verifyErrorAddArtical" time="0.0" classname="com.lifeco.content.Content_LearningCenter_Configure_Test">
    <ignored/>
  </testcase> <!-- verifyErrorAddArtical -->
  <testcase name="verifyNewCategory" time="0.0" classname="com.lifeco.content.Content_LearningCenter_Configure_Test">
    <ignored/>
  </testcase> <!-- verifyNewCategory -->
  <testcase name="verifyEditArtical" time="0.0" classname="com.lifeco.content.Content_LearningCenter_Configure_Test">
    <ignored/>
  </testcase> <!-- verifyEditArtical -->
  <testcase name="verifyAddArticalFeedback" time="0.0" classname="com.lifeco.content.Content_LearningCenter_Configure_Test">
    <ignored/>
  </testcase> <!-- verifyAddArticalFeedback -->
  <testcase name="verifyAddArtical_None" time="0.0" classname="com.lifeco.content.Content_LearningCenter_Configure_Test">
    <ignored/>
  </testcase> <!-- verifyAddArtical_None -->
  <testcase name="verifyNavigationToConfigureLearningCenter" time="0.0" classname="com.lifeco.content.Content_LearningCenter_Configure_Test">
    <ignored/>
  </testcase> <!-- verifyNavigationToConfigureLearningCenter -->
  <testcase name="verifyAddArtical_URLLink" time="0.0" classname="com.lifeco.content.Content_LearningCenter_Configure_Test">
    <ignored/>
  </testcase> <!-- verifyAddArtical_URLLink -->
  <testcase name="verifyEditCategory" time="0.0" classname="com.lifeco.content.Content_LearningCenter_Configure_Test">
    <ignored/>
  </testcase> <!-- verifyEditCategory -->
  <testcase name="verifyAddArtical_contactRequested" time="0.0" classname="com.lifeco.content.Content_LearningCenter_Configure_Test">
    <ignored/>
  </testcase> <!-- verifyAddArtical_contactRequested -->
  <testcase name="verifyErrorNewCategory" time="0.0" classname="com.lifeco.content.Content_LearningCenter_Configure_Test">
    <ignored/>
  </testcase> <!-- verifyErrorNewCategory -->
  <testcase name="verifyEditCancel" time="0.0" classname="com.lifeco.content.Content_LearningCenter_Configure_Test">
    <ignored/>
  </testcase> <!-- verifyEditCancel -->
</testsuite> <!-- Content Learining center -->
