<?xml version="1.0" encoding="UTF-8"?>
<!-- Generated by org.testng.reporters.JUnitXMLReporter -->
<testsuite hostname="DESKTOP-A96QGMO" ignored="11" name="content educational list" tests="1" failures="0" timestamp="03 Sep 2019 07:23:02 GMT" time="115.036" errors="0">
  <testcase name="verifyDeleteCard" time="104.781" classname="com.lifeco.tests.Content_EducationalLists_Test"/>
  <testcase name="verifyNavigationToEducationalListConfigureList" time="0.0" classname="com.lifeco.tests.Content_EducationalLists_Test">
    <ignored/>
  </testcase> <!-- verifyNavigationToEducationalListConfigureList -->
  <testcase name="verifyDeleteList" time="0.0" classname="com.lifeco.tests.Content_EducationalLists_Test">
    <ignored/>
  </testcase> <!-- verifyDeleteList -->
  <testcase name="verifyBackBtn" time="0.0" classname="com.lifeco.tests.Content_EducationalLists_Test">
    <ignored/>
  </testcase> <!-- verifyBackBtn -->
  <testcase name="verifyAddCardUrlLink" time="0.0" classname="com.lifeco.tests.Content_EducationalLists_Test">
    <ignored/>
  </testcase> <!-- verifyAddCardUrlLink -->
  <testcase name="verifyAddCardNone" time="0.0" classname="com.lifeco.tests.Content_EducationalLists_Test">
    <ignored/>
  </testcase> <!-- verifyAddCardNone -->
  <testcase name="verifyEditCard" time="0.0" classname="com.lifeco.tests.Content_EducationalLists_Test">
    <ignored/>
  </testcase> <!-- verifyEditCard -->
  <testcase name="verifyAddCardContactRequested" time="0.0" classname="com.lifeco.tests.Content_EducationalLists_Test">
    <ignored/>
  </testcase> <!-- verifyAddCardContactRequested -->
  <testcase name="verifyAddLinkToArticle" time="0.0" classname="com.lifeco.tests.Content_EducationalLists_Test">
    <ignored/>
  </testcase> <!-- verifyAddLinkToArticle -->
  <testcase name="verifyAddList" time="0.0" classname="com.lifeco.tests.Content_EducationalLists_Test">
    <ignored/>
  </testcase> <!-- verifyAddList -->
  <testcase name="verifyEducationalListCount" time="0.0" classname="com.lifeco.tests.Content_EducationalLists_Test">
    <ignored/>
  </testcase> <!-- verifyEducationalListCount -->
  <testcase name="verifyEditList" time="0.0" classname="com.lifeco.tests.Content_EducationalLists_Test">
    <ignored/>
  </testcase> <!-- verifyEditList -->
</testsuite> <!-- content educational list -->
