<?xml version="1.0" encoding="UTF-8"?>
<!-- Generated by org.testng.reporters.JUnitXMLReporter -->
<testsuite hostname="DESKTOP-A96QGMO" ignored="1" name="ContentSharing CreateTag" tests="1" failures="0" timestamp="29 Aug 2019 13:15:59 GMT" time="44.098" errors="0">
  <testcase name="createTag" time="34.89" classname="com.lifeco.tests.Data_ContentSharing_Test"/>
  <testcase name="navigateToDataSurveyResponses" time="0.0" classname="com.lifeco.tests.Data_ContentSharing_Test">
    <ignored/>
  </testcase> <!-- navigateToDataSurveyResponses -->
</testsuite> <!-- ContentSharing CreateTag -->
