<?xml version="1.0" encoding="UTF-8"?>
<!-- Generated by org.testng.reporters.JUnitXMLReporter -->
<testsuite hostname="DESKTOP-A96QGMO" ignored="1" name="Highlights" tests="3" failures="0" timestamp="27 Aug 2019 11:23:56 GMT" time="410.57" errors="0">
  <testcase name="verifyNavigateToHighlights" time="151.44" classname="com.lifeco.tests.Content_Highlights_Test"/>
  <testcase name="verifyAddHighlights" time="133.856" classname="com.lifeco.tests.Content_Highlights_Test"/>
  <testcase name="verifyDeleteHighlights" time="66.681" classname="com.lifeco.tests.Content_Highlights_Test"/>
  <testcase name="verifyEditHighlights" time="0.0" classname="com.lifeco.tests.Content_Highlights_Test">
    <ignored/>
  </testcase> <!-- verifyEditHighlights -->
</testsuite> <!-- Highlights -->
