<?xml version="1.0" encoding="UTF-8"?>
<!-- Generated by org.testng.reporters.JUnitXMLReporter -->
<testsuite hostname="DESKTOP-A96QGMO" ignored="1" name="LapetusResults CreateTag" tests="1" failures="0" timestamp="29 Aug 2019 13:20:39 GMT" time="48.1" errors="0">
  <testcase name="createTag" time="38.773" classname="com.lifeco.tests.Data_LapetusData_Results_Test"/>
  <testcase name="navigateToDataSurveyResponses" time="0.0" classname="com.lifeco.tests.Data_LapetusData_Results_Test">
    <ignored/>
  </testcase> <!-- navigateToDataSurveyResponses -->
</testsuite> <!-- LapetusResults CreateTag -->
