<?xml version="1.0" encoding="UTF-8"?>
<!-- Generated by org.testng.reporters.JUnitXMLReporter -->
<testsuite hostname="DESKTOP-A96QGMO" ignored="1" name="LapetusFeedback CreateTag" tests="1" failures="0" timestamp="29 Aug 2019 13:22:22 GMT" time="102.845" errors="0">
  <testcase name="createTag" time="95.563" classname="com.lifeco.tests.Data_LapetusData_Feedback_Test"/>
  <testcase name="navigateToDataLapetusFeedback" time="0.0" classname="com.lifeco.tests.Data_LapetusData_Feedback_Test">
    <ignored/>
  </testcase> <!-- navigateToDataLapetusFeedback -->
</testsuite> <!-- LapetusFeedback CreateTag -->
