<?xml version="1.0" encoding="UTF-8"?>
<!-- Generated by org.testng.reporters.JUnitXMLReporter -->
<testsuite hostname="DESKTOP-A96QGMO" ignored="1" name="LocationData CreateTag" tests="1" failures="0" timestamp="29 Aug 2019 13:17:21 GMT" time="82.232" errors="0">
  <testcase name="createTag" time="69.382" classname="com.lifeco.tests.Data_LocationData_Test"/>
  <testcase name="navigateToDataSurveyResponses" time="0.0" classname="com.lifeco.tests.Data_LocationData_Test">
    <ignored/>
  </testcase> <!-- navigateToDataSurveyResponses -->
</testsuite> <!-- LocationData CreateTag -->
