<?xml version="1.0" encoding="UTF-8"?>
<!-- Generated by org.testng.reporters.JUnitXMLReporter -->
<testsuite hostname="DESKTOP-A96QGMO" ignored="1" name="SurveryResponses CreateTag" tests="1" failures="0" timestamp="29 Aug 2019 13:18:38 GMT" time="76.262" errors="0">
  <testcase name="createTag" time="67.471" classname="com.lifeco.tests.Data_SurveyResponses_Test"/>
  <testcase name="navigateToDataSurveyResponses" time="0.0" classname="com.lifeco.tests.Data_SurveyResponses_Test">
    <ignored/>
  </testcase> <!-- navigateToDataSurveyResponses -->
</testsuite> <!-- SurveryResponses CreateTag -->
