<?xml version="1.0" encoding="UTF-8"?>
<!-- Generated by org.testng.reporters.JUnitXMLReporter -->
<testsuite hostname="BLR-SOFT-03" ignored="0" name="Test4" tests="26" failures="0" timestamp="19 Nov 2019 10:39:15 GMT" time="4.237" errors="0">
  <testcase name="@BeforeClass openApplication" time="0.0" classname="com.lifeco.generic.BaseTest">
    <failure type="org.testng.TestNGException" message="
Parameter &amp;apos;DeviceName&amp;apos; is required by BeforeClass on method openApplication but has not been marked @Optional or defined
in C:\Users\blrsoft\git\JustDialWebMobileSte\JustDialWebPanel\testng.xml">
      <![CDATA[org.testng.TestNGException: 
Parameter 'DeviceName' is required by BeforeClass on method openApplication but has not been marked @Optional or defined
in C:\Users\blrsoft\git\JustDialWebMobileSte\JustDialWebPanel\testng.xml
... Removed 23 stack frames]]>
    </failure>
  </testcase> <!-- @BeforeClass openApplication -->
  <testcase name="@AfterMethod zpostcondition" time="0.092" classname="com.lifeco.generic.BaseTest">
    <failure type="java.lang.NullPointerException">
      <![CDATA[java.lang.NullPointerException
at com.lifeco.generic.BaseTest.zpostcondition(BaseTest.java:132)
... Removed 27 stack frames]]>
    </failure>
  </testcase> <!-- @AfterMethod zpostcondition -->
  <testcase name="@AfterMethod zpostcondition" time="0.206" classname="com.lifeco.generic.BaseTest">
    <failure type="java.lang.NullPointerException">
      <![CDATA[java.lang.NullPointerException
at com.lifeco.generic.BaseTest.zpostcondition(BaseTest.java:132)
... Removed 27 stack frames]]>
    </failure>
  </testcase> <!-- @AfterMethod zpostcondition -->
  <testcase name="@AfterMethod zpostcondition" time="0.154" classname="com.lifeco.generic.BaseTest">
    <failure type="java.lang.NullPointerException">
      <![CDATA[java.lang.NullPointerException
at com.lifeco.generic.BaseTest.zpostcondition(BaseTest.java:132)
... Removed 27 stack frames]]>
    </failure>
  </testcase> <!-- @AfterMethod zpostcondition -->
  <testcase name="@AfterMethod zpostcondition" time="0.153" classname="com.lifeco.generic.BaseTest">
    <failure type="java.lang.NullPointerException">
      <![CDATA[java.lang.NullPointerException
at com.lifeco.generic.BaseTest.zpostcondition(BaseTest.java:132)
... Removed 27 stack frames]]>
    </failure>
  </testcase> <!-- @AfterMethod zpostcondition -->
  <testcase name="@AfterMethod zpostcondition" time="0.162" classname="com.lifeco.generic.BaseTest">
    <failure type="java.lang.NullPointerException">
      <![CDATA[java.lang.NullPointerException
at com.lifeco.generic.BaseTest.zpostcondition(BaseTest.java:132)
... Removed 27 stack frames]]>
    </failure>
  </testcase> <!-- @AfterMethod zpostcondition -->
  <testcase name="@AfterMethod zpostcondition" time="0.184" classname="com.lifeco.generic.BaseTest">
    <failure type="java.lang.NullPointerException">
      <![CDATA[java.lang.NullPointerException
at com.lifeco.generic.BaseTest.zpostcondition(BaseTest.java:132)
... Removed 27 stack frames]]>
    </failure>
  </testcase> <!-- @AfterMethod zpostcondition -->
  <testcase name="@AfterMethod zpostcondition" time="0.152" classname="com.lifeco.generic.BaseTest">
    <failure type="java.lang.NullPointerException">
      <![CDATA[java.lang.NullPointerException
at com.lifeco.generic.BaseTest.zpostcondition(BaseTest.java:132)
... Removed 27 stack frames]]>
    </failure>
  </testcase> <!-- @AfterMethod zpostcondition -->
  <testcase name="@AfterMethod zpostcondition" time="0.156" classname="com.lifeco.generic.BaseTest">
    <failure type="java.lang.NullPointerException">
      <![CDATA[java.lang.NullPointerException
at com.lifeco.generic.BaseTest.zpostcondition(BaseTest.java:132)
... Removed 27 stack frames]]>
    </failure>
  </testcase> <!-- @AfterMethod zpostcondition -->
  <testcase name="@AfterMethod zpostcondition" time="0.155" classname="com.lifeco.generic.BaseTest">
    <failure type="java.lang.NullPointerException">
      <![CDATA[java.lang.NullPointerException
at com.lifeco.generic.BaseTest.zpostcondition(BaseTest.java:132)
... Removed 27 stack frames]]>
    </failure>
  </testcase> <!-- @AfterMethod zpostcondition -->
  <testcase name="@AfterMethod zpostcondition" time="0.155" classname="com.lifeco.generic.BaseTest">
    <failure type="java.lang.NullPointerException">
      <![CDATA[java.lang.NullPointerException
at com.lifeco.generic.BaseTest.zpostcondition(BaseTest.java:132)
... Removed 27 stack frames]]>
    </failure>
  </testcase> <!-- @AfterMethod zpostcondition -->
  <testcase name="@AfterMethod zpostcondition" time="0.153" classname="com.lifeco.generic.BaseTest">
    <failure type="java.lang.NullPointerException">
      <![CDATA[java.lang.NullPointerException
at com.lifeco.generic.BaseTest.zpostcondition(BaseTest.java:132)
... Removed 27 stack frames]]>
    </failure>
  </testcase> <!-- @AfterMethod zpostcondition -->
  <testcase name="@AfterMethod zpostcondition" time="0.198" classname="com.lifeco.generic.BaseTest">
    <failure type="java.lang.NullPointerException">
      <![CDATA[java.lang.NullPointerException
at com.lifeco.generic.BaseTest.zpostcondition(BaseTest.java:132)
... Removed 27 stack frames]]>
    </failure>
  </testcase> <!-- @AfterMethod zpostcondition -->
  <testcase name="@AfterMethod zpostcondition" time="0.186" classname="com.lifeco.generic.BaseTest">
    <failure type="java.lang.NullPointerException">
      <![CDATA[java.lang.NullPointerException
at com.lifeco.generic.BaseTest.zpostcondition(BaseTest.java:132)
... Removed 27 stack frames]]>
    </failure>
  </testcase> <!-- @AfterMethod zpostcondition -->
  <testcase name="@AfterMethod zpostcondition" time="0.165" classname="com.lifeco.generic.BaseTest">
    <failure type="java.lang.NullPointerException">
      <![CDATA[java.lang.NullPointerException
at com.lifeco.generic.BaseTest.zpostcondition(BaseTest.java:132)
... Removed 27 stack frames]]>
    </failure>
  </testcase> <!-- @AfterMethod zpostcondition -->
  <testcase name="@AfterMethod zpostcondition" time="0.151" classname="com.lifeco.generic.BaseTest">
    <failure type="java.lang.NullPointerException">
      <![CDATA[java.lang.NullPointerException
at com.lifeco.generic.BaseTest.zpostcondition(BaseTest.java:132)
... Removed 27 stack frames]]>
    </failure>
  </testcase> <!-- @AfterMethod zpostcondition -->
  <testcase name="@AfterMethod zpostcondition" time="0.212" classname="com.lifeco.generic.BaseTest">
    <failure type="java.lang.NullPointerException">
      <![CDATA[java.lang.NullPointerException
at com.lifeco.generic.BaseTest.zpostcondition(BaseTest.java:132)
... Removed 27 stack frames]]>
    </failure>
  </testcase> <!-- @AfterMethod zpostcondition -->
  <testcase name="@AfterMethod zpostcondition" time="0.185" classname="com.lifeco.generic.BaseTest">
    <failure type="java.lang.NullPointerException">
      <![CDATA[java.lang.NullPointerException
at com.lifeco.generic.BaseTest.zpostcondition(BaseTest.java:132)
... Removed 27 stack frames]]>
    </failure>
  </testcase> <!-- @AfterMethod zpostcondition -->
  <testcase name="@AfterMethod zpostcondition" time="0.152" classname="com.lifeco.generic.BaseTest">
    <failure type="java.lang.NullPointerException">
      <![CDATA[java.lang.NullPointerException
at com.lifeco.generic.BaseTest.zpostcondition(BaseTest.java:132)
... Removed 27 stack frames]]>
    </failure>
  </testcase> <!-- @AfterMethod zpostcondition -->
  <testcase name="@AfterMethod zpostcondition" time="0.172" classname="com.lifeco.generic.BaseTest">
    <failure type="java.lang.NullPointerException">
      <![CDATA[java.lang.NullPointerException
at com.lifeco.generic.BaseTest.zpostcondition(BaseTest.java:132)
... Removed 27 stack frames]]>
    </failure>
  </testcase> <!-- @AfterMethod zpostcondition -->
  <testcase name="@AfterMethod zpostcondition" time="0.154" classname="com.lifeco.generic.BaseTest">
    <failure type="java.lang.NullPointerException">
      <![CDATA[java.lang.NullPointerException
at com.lifeco.generic.BaseTest.zpostcondition(BaseTest.java:132)
... Removed 27 stack frames]]>
    </failure>
  </testcase> <!-- @AfterMethod zpostcondition -->
  <testcase name="@AfterMethod zpostcondition" time="0.152" classname="com.lifeco.generic.BaseTest">
    <failure type="java.lang.NullPointerException">
      <![CDATA[java.lang.NullPointerException
at com.lifeco.generic.BaseTest.zpostcondition(BaseTest.java:132)
... Removed 27 stack frames]]>
    </failure>
  </testcase> <!-- @AfterMethod zpostcondition -->
  <testcase name="@AfterMethod zpostcondition" time="0.1" classname="com.lifeco.generic.BaseTest">
    <failure type="java.lang.NullPointerException">
      <![CDATA[java.lang.NullPointerException
at com.lifeco.generic.BaseTest.zpostcondition(BaseTest.java:132)
... Removed 27 stack frames]]>
    </failure>
  </testcase> <!-- @AfterMethod zpostcondition -->
  <testcase name="@AfterMethod zpostcondition" time="0.151" classname="com.lifeco.generic.BaseTest">
    <failure type="java.lang.NullPointerException">
      <![CDATA[java.lang.NullPointerException
at com.lifeco.generic.BaseTest.zpostcondition(BaseTest.java:132)
... Removed 27 stack frames]]>
    </failure>
  </testcase> <!-- @AfterMethod zpostcondition -->
  <testcase name="@AfterMethod zpostcondition" time="0.15" classname="com.lifeco.generic.BaseTest">
    <failure type="java.lang.NullPointerException">
      <![CDATA[java.lang.NullPointerException
at com.lifeco.generic.BaseTest.zpostcondition(BaseTest.java:132)
... Removed 27 stack frames]]>
    </failure>
  </testcase> <!-- @AfterMethod zpostcondition -->
  <testcase name="@AfterMethod zpostcondition" time="0.165" classname="com.lifeco.generic.BaseTest">
    <failure type="java.lang.NullPointerException">
      <![CDATA[java.lang.NullPointerException
at com.lifeco.generic.BaseTest.zpostcondition(BaseTest.java:132)
... Removed 27 stack frames]]>
    </failure>
  </testcase> <!-- @AfterMethod zpostcondition -->
  <testcase name="@AfterMethod zpostcondition" time="0.161" classname="com.lifeco.generic.BaseTest">
    <failure type="java.lang.NullPointerException">
      <![CDATA[java.lang.NullPointerException
at com.lifeco.generic.BaseTest.zpostcondition(BaseTest.java:132)
... Removed 27 stack frames]]>
    </failure>
  </testcase> <!-- @AfterMethod zpostcondition -->
  <testcase name="Advertise_111" time="0.0" classname="com.prathibha.justdialtest.Short_checkList">
    <skipped/>
  </testcase> <!-- Advertise_111 -->
  <testcase name="BestDealDetailpage_129" time="0.0" classname="com.prathibha.justdialtest.Short_checkList">
    <skipped/>
  </testcase> <!-- BestDealDetailpage_129 -->
  <testcase name="BestDealResultpage_128" time="0.0" classname="com.prathibha.justdialtest.Short_checkList">
    <skipped/>
  </testcase> <!-- BestDealResultpage_128 -->
  <testcase name="Categorywitharea_Movers_17" time="0.0" classname="com.prathibha.justdialtest.Short_checkList">
    <skipped/>
  </testcase> <!-- Categorywitharea_Movers_17 -->
  <testcase name="Categorywithoutarea_Hotels_16" time="0.0" classname="com.prathibha.justdialtest.Short_checkList">
    <skipped/>
  </testcase> <!-- Categorywithoutarea_Hotels_16 -->
  <testcase name="CompanySpecialcharacter_15" time="0.0" classname="com.prathibha.justdialtest.Short_checkList">
    <skipped/>
  </testcase> <!-- CompanySpecialcharacter_15 -->
  <testcase name="DisplayMovieSchedule_78" time="0.0" classname="com.prathibha.justdialtest.Short_checkList">
    <skipped/>
  </testcase> <!-- DisplayMovieSchedule_78 -->
  <testcase name="MovieAutosugg_75" time="0.0" classname="com.prathibha.justdialtest.Short_checkList">
    <skipped/>
  </testcase> <!-- MovieAutosugg_75 -->
  <testcase name="MovieBannerDetailPage_77" time="0.0" classname="com.prathibha.justdialtest.Short_checkList">
    <skipped/>
  </testcase> <!-- MovieBannerDetailPage_77 -->
  <testcase name="Verify2ndsetofResults_35_res" time="0.0" classname="com.prathibha.justdialtest.Short_checkList">
    <skipped/>
  </testcase> <!-- Verify2ndsetofResults_35_res -->
  <testcase name="VerifyFiltersonMovie_83" time="0.0" classname="com.prathibha.justdialtest.Short_checkList">
    <skipped/>
  </testcase> <!-- VerifyFiltersonMovie_83 -->
  <testcase name="categoreyEnquireNow_43" time="0.0" classname="com.prathibha.justdialtest.Short_checkList">
    <skipped/>
  </testcase> <!-- categoreyEnquireNow_43 -->
  <testcase name="contactNumberwithForNonPaid_65" time="0.0" classname="com.prathibha.justdialtest.Short_checkList">
    <skipped/>
  </testcase> <!-- contactNumberwithForNonPaid_65 -->
  <testcase name="contactNumberwithVNForPaid_65" time="0.0" classname="com.prathibha.justdialtest.Short_checkList">
    <skipped/>
  </testcase> <!-- contactNumberwithVNForPaid_65 -->
  <testcase name="filterTab_36" time="0.0" classname="com.prathibha.justdialtest.Short_checkList">
    <skipped/>
  </testcase> <!-- filterTab_36 -->
  <testcase name="imageComapnydetailspage_55" time="0.0" classname="com.prathibha.justdialtest.Short_checkList">
    <skipped/>
  </testcase> <!-- imageComapnydetailspage_55 -->
  <testcase name="openNowforRestaurants_64" time="0.0" classname="com.prathibha.justdialtest.Short_checkList">
    <skipped/>
  </testcase> <!-- openNowforRestaurants_64 -->
  <testcase name="resultpageasListview_37" time="0.0" classname="com.prathibha.justdialtest.Short_checkList">
    <skipped/>
  </testcase> <!-- resultpageasListview_37 -->
  <testcase name="verify2ndsetofResults_35_Doctors" time="0.0" classname="com.prathibha.justdialtest.Short_checkList">
    <skipped/>
  </testcase> <!-- verify2ndsetofResults_35_Doctors -->
  <testcase name="verify2ndsetofresults_35_Education" time="0.0" classname="com.prathibha.justdialtest.Short_checkList">
    <skipped/>
  </testcase> <!-- verify2ndsetofresults_35_Education -->
  <testcase name="verifyContractFavouriteiconAndarea_57" time="0.0" classname="com.prathibha.justdialtest.Short_checkList">
    <skipped/>
  </testcase> <!-- verifyContractFavouriteiconAndarea_57 -->
  <testcase name="verifyDetailsRCMS_58" time="0.0" classname="com.prathibha.justdialtest.Short_checkList">
    <skipped/>
  </testcase> <!-- verifyDetailsRCMS_58 -->
  <testcase name="verifyDetailspagefunctionality_83" time="0.0" classname="com.prathibha.justdialtest.Short_checkList">
    <skipped/>
  </testcase> <!-- verifyDetailspagefunctionality_83 -->
  <testcase name="verifyJDlogoandPhotoCount_56" time="0.0" classname="com.prathibha.justdialtest.Short_checkList">
    <skipped/>
  </testcase> <!-- verifyJDlogoandPhotoCount_56 -->
  <testcase name="verifyMoreLinkRedirectionCategory_67" time="0.0" classname="com.prathibha.justdialtest.Short_checkList">
    <skipped/>
  </testcase> <!-- verifyMoreLinkRedirectionCategory_67 -->
  <testcase name="verifyMovieLanguageSorting_83" time="0.0" classname="com.prathibha.justdialtest.Short_checkList">
    <skipped/>
  </testcase> <!-- verifyMovieLanguageSorting_83 -->
</testsuite> <!-- Test4 -->
