<?xml version="1.0" encoding="UTF-8"?>
<!-- Generated by org.testng.reporters.JUnitXMLReporter -->
<testsuite hostname="DESKTOP-A96QGMO" ignored="7" name="Test" tests="1" failures="0" timestamp="16 Sep 2019 10:07:10 GMT" time="101.715" errors="0">
  <testcase name="createNewQuizz" time="89.583" classname="com.lifeco.content.Content_Interactive_Quizzes_Test"/>
  <testcase name="verifyEditQuiz" time="0.0" classname="com.lifeco.content.Content_Interactive_Quizzes_Test">
    <ignored/>
  </testcase> <!-- verifyEditQuiz -->
  <testcase name="deleteQuizzError" time="0.0" classname="com.lifeco.content.Content_Interactive_Quizzes_Test">
    <ignored/>
  </testcase> <!-- deleteQuizzError -->
  <testcase name="verifyNavigationToQuizzPage" time="0.0" classname="com.lifeco.content.Content_Interactive_Quizzes_Test">
    <ignored/>
  </testcase> <!-- verifyNavigationToQuizzPage -->
  <testcase name="deleteQuizz" time="0.0" classname="com.lifeco.content.Content_Interactive_Quizzes_Test">
    <ignored/>
  </testcase> <!-- deleteQuizz -->
  <testcase name="verifySelectionOfRecords" time="0.0" classname="com.lifeco.content.Content_Interactive_Quizzes_Test">
    <ignored/>
  </testcase> <!-- verifySelectionOfRecords -->
  <testcase name="verifyDeselectAll" time="0.0" classname="com.lifeco.content.Content_Interactive_Quizzes_Test">
    <ignored/>
  </testcase> <!-- verifyDeselectAll -->
  <testcase name="verifySearch" time="0.0" classname="com.lifeco.content.Content_Interactive_Quizzes_Test">
    <ignored/>
  </testcase> <!-- verifySearch -->
</testsuite> <!-- Test -->
