<?xml version="1.0" encoding="UTF-8"?>
<!-- Generated by org.testng.reporters.JUnitXMLReporter -->
<testsuite hostname="BLR-SOFT-03" ignored="1" name="Test  iPhone X" tests="1" failures="0" timestamp="19 Nov 2019 10:38:27 GMT" time="18.833" errors="0">
  <testcase name="singlebox" time="7.002" classname="com.prathibha.justdialtest.UniversalChecklist"/>
  <testcase name="recentSearchSection" time="0.0" classname="com.prathibha.justdialtest.UniversalChecklist">
    <ignored/>
  </testcase> <!-- recentSearchSection -->
</testsuite> <!-- Test  iPhone X -->
