<?xml version="1.0" encoding="UTF-8"?>
<!-- Generated by org.testng.reporters.JUnitXMLReporter -->
<testsuite hostname="BLR-SOFT-29" ignored="21" name="Test iPhone 6/7/8" tests="1" failures="0" timestamp="14 Nov 2019 14:10:26 GMT" time="24.554" errors="0">
  <testcase name="shopfrontProductSearchCheckList86" time="13.318" classname="com.justdial.test.ImpCheckListTest"/>
  <testcase name="singleBoxAutoSuggestCheckList52" time="0.0" classname="com.justdial.test.ImpCheckListTest">
    <ignored/>
  </testcase> <!-- singleBoxAutoSuggestCheckList52 -->
  <testcase name="movieFreeTextSearchAreaCheckList30" time="0.0" classname="com.justdial.test.ImpCheckListTest">
    <ignored/>
  </testcase> <!-- movieFreeTextSearchAreaCheckList30 -->
  <testcase name="specificProductSearchCheckList21" time="0.0" classname="com.justdial.test.ImpCheckListTest">
    <ignored/>
  </testcase> <!-- specificProductSearchCheckList21 -->
  <testcase name="famousBrandAutoSuggestCheckList53" time="0.0" classname="com.justdial.test.ImpCheckListTest">
    <ignored/>
  </testcase> <!-- famousBrandAutoSuggestCheckList53 -->
  <testcase name="categoryFreeTextSearchCheckList28" time="0.0" classname="com.justdial.test.ImpCheckListTest">
    <ignored/>
  </testcase> <!-- categoryFreeTextSearchCheckList28 -->
  <testcase name="productFreeTextAreaSearchCheckList32" time="0.0" classname="com.justdial.test.ImpCheckListTest">
    <ignored/>
  </testcase> <!-- productFreeTextAreaSearchCheckList32 -->
  <testcase name="movieSearchCheckListWithArea22" time="0.0" classname="com.justdial.test.ImpCheckListTest">
    <ignored/>
  </testcase> <!-- movieSearchCheckListWithArea22 -->
  <testcase name="defaultCitySuggestCheckList51" time="0.0" classname="com.justdial.test.ImpCheckListTest">
    <ignored/>
  </testcase> <!-- defaultCitySuggestCheckList51 -->
  <testcase name="verirfyCreationOfFreeListingCheckList110" time="0.0" classname="com.justdial.test.ImpCheckListTest">
    <ignored/>
  </testcase> <!-- verirfyCreationOfFreeListingCheckList110 -->
  <testcase name="movieSearchCheckList23" time="0.0" classname="com.justdial.test.ImpCheckListTest">
    <ignored/>
  </testcase> <!-- movieSearchCheckList23 -->
  <testcase name="hotelFreeTextSearchCheckList28" time="0.0" classname="com.justdial.test.ImpCheckListTest">
    <ignored/>
  </testcase> <!-- hotelFreeTextSearchCheckList28 -->
  <testcase name="productFreeTextSearchCheckList31" time="0.0" classname="com.justdial.test.ImpCheckListTest">
    <ignored/>
  </testcase> <!-- productFreeTextSearchCheckList31 -->
  <testcase name="verirfyEditFreeListing" time="0.0" classname="com.justdial.test.ImpCheckListTest">
    <ignored/>
  </testcase> <!-- verirfyEditFreeListing -->
  <testcase name="verifyShareFunctionaliyCheckList93" time="0.0" classname="com.justdial.test.ImpCheckListTest">
    <ignored/>
  </testcase> <!-- verifyShareFunctionaliyCheckList93 -->
  <testcase name="productFreeTextBrandCheckList33" time="0.0" classname="com.justdial.test.ImpCheckListTest">
    <ignored/>
  </testcase> <!-- productFreeTextBrandCheckList33 -->
  <testcase name="verifyReportIssueCheckList121" time="0.0" classname="com.justdial.test.ImpCheckListTest">
    <ignored/>
  </testcase> <!-- verifyReportIssueCheckList121 -->
  <testcase name="verifyShareFunctionaliyMoviesCheckList93" time="0.0" classname="com.justdial.test.ImpCheckListTest">
    <ignored/>
  </testcase> <!-- verifyShareFunctionaliyMoviesCheckList93 -->
  <testcase name="verifyUploadPhotoDetailsCheckList119" time="0.0" classname="com.justdial.test.ImpCheckListTest">
    <ignored/>
  </testcase> <!-- verifyUploadPhotoDetailsCheckList119 -->
  <testcase name="movieFreeTextSearchCheckList29" time="0.0" classname="com.justdial.test.ImpCheckListTest">
    <ignored/>
  </testcase> <!-- movieFreeTextSearchCheckList29 -->
  <testcase name="brandProductSearchCheckList20" time="0.0" classname="com.justdial.test.ImpCheckListTest">
    <ignored/>
  </testcase> <!-- brandProductSearchCheckList20 -->
  <testcase name="VerifyShopfrontProductSearchAndRedirectionCheckList85" time="0.0" classname="com.justdial.test.ImpCheckListTest">
    <ignored/>
  </testcase> <!-- VerifyShopfrontProductSearchAndRedirectionCheckList85 -->
</testsuite> <!-- Test iPhone 6/7/8 -->
