<?xml version="1.0" encoding="UTF-8"?>
<!-- Generated by org.testng.reporters.JUnitXMLReporter -->
<testsuite hostname="BLR-SOFT-03" ignored="1" name="Test iPhone 6/7/8" tests="1" failures="0" timestamp="19 Nov 2019 10:39:35 GMT" time="19.64" errors="0">
  <testcase name="singlebox" time="7.022" classname="com.prathibha.justdialtest.UniversalChecklist"/>
  <testcase name="recentSearchSection" time="0.0" classname="com.prathibha.justdialtest.UniversalChecklist">
    <ignored/>
  </testcase> <!-- recentSearchSection -->
</testsuite> <!-- Test iPhone 6/7/8 -->
