<?xml version="1.0" encoding="UTF-8"?>
<!-- Generated by org.testng.reporters.JUnitXMLReporter -->
<testsuite hostname="BLR-SOFT-03" ignored="1" name="Test3" tests="1" failures="0" timestamp="19 Nov 2019 10:38:48 GMT" time="20.885" errors="0">
  <testcase name="singlebox" time="8.713" classname="com.prathibha.justdialtest.UniversalChecklist"/>
  <testcase name="recentSearchSection" time="0.0" classname="com.prathibha.justdialtest.UniversalChecklist">
    <ignored/>
  </testcase> <!-- recentSearchSection -->
</testsuite> <!-- Test3 -->
