<?xml version="1.0" encoding="UTF-8"?>
<!-- Generated by org.testng.reporters.JUnitXMLReporter -->
<testsuite hostname="DESKTOP-A96QGMO" ignored="15" name="TestContentChallenge" tests="1" failures="0" timestamp="29 Aug 2019 05:04:19 GMT" time="183.251" errors="0">
  <testcase name="copyExistingIndividualChallenge" time="166.939" classname="com.lifeco.tests.Content_ChallengesPage_Test"/>
  <testcase name="closeChallengeCreation" time="0.0" classname="com.lifeco.tests.Content_ChallengesPage_Test">
    <ignored/>
  </testcase> <!-- closeChallengeCreation -->
  <testcase name="creatNewCompetativeChallenge" time="0.0" classname="com.lifeco.tests.Content_ChallengesPage_Test">
    <ignored/>
  </testcase> <!-- creatNewCompetativeChallenge -->
  <testcase name="createNewIndividualChallenge" time="0.0" classname="com.lifeco.tests.Content_ChallengesPage_Test">
    <ignored/>
  </testcase> <!-- createNewIndividualChallenge -->
  <testcase name="verifyReset" time="0.0" classname="com.lifeco.tests.Content_ChallengesPage_Test">
    <ignored/>
  </testcase> <!-- verifyReset -->
  <testcase name="verifyNavigateToChallengeConfigure" time="0.0" classname="com.lifeco.tests.Content_ChallengesPage_Test">
    <ignored/>
  </testcase> <!-- verifyNavigateToChallengeConfigure -->
  <testcase name="verifyImagesTabErrorMsg" time="0.0" classname="com.lifeco.tests.Content_ChallengesPage_Test">
    <ignored/>
  </testcase> <!-- verifyImagesTabErrorMsg -->
  <testcase name="verifyDetailsErrorMsg" time="0.0" classname="com.lifeco.tests.Content_ChallengesPage_Test">
    <ignored/>
  </testcase> <!-- verifyDetailsErrorMsg -->
  <testcase name="creatNewBeatMyBestChallenge" time="0.0" classname="com.lifeco.tests.Content_ChallengesPage_Test">
    <ignored/>
  </testcase> <!-- creatNewBeatMyBestChallenge -->
  <testcase name="showChallengeRecords" time="0.0" classname="com.lifeco.tests.Content_ChallengesPage_Test">
    <ignored/>
  </testcase> <!-- showChallengeRecords -->
  <testcase name="noOfChallengesCreated" time="0.0" classname="com.lifeco.tests.Content_ChallengesPage_Test">
    <ignored/>
  </testcase> <!-- noOfChallengesCreated -->
  <testcase name="verifySheduleAvailabilityErrorMsg" time="0.0" classname="com.lifeco.tests.Content_ChallengesPage_Test">
    <ignored/>
  </testcase> <!-- verifySheduleAvailabilityErrorMsg -->
  <testcase name="verifyAuidenceErrorMsg" time="0.0" classname="com.lifeco.tests.Content_ChallengesPage_Test">
    <ignored/>
  </testcase> <!-- verifyAuidenceErrorMsg -->
  <testcase name="createNewCommunityChallenge" time="0.0" classname="com.lifeco.tests.Content_ChallengesPage_Test">
    <ignored/>
  </testcase> <!-- createNewCommunityChallenge -->
  <testcase name="verifyRulesAndStagesErrorMsg" time="0.0" classname="com.lifeco.tests.Content_ChallengesPage_Test">
    <ignored/>
  </testcase> <!-- verifyRulesAndStagesErrorMsg -->
  <testcase name="showChallegesDateRange" time="0.0" classname="com.lifeco.tests.Content_ChallengesPage_Test">
    <ignored/>
  </testcase> <!-- showChallegesDateRange -->
</testsuite> <!-- TestContentChallenge -->
