<?xml version="1.0" encoding="UTF-8"?>
<!-- Generated by org.testng.reporters.JUnitXMLReporter -->
<testsuite hostname="DESKTOP-A96QGMO" ignored="1" name="UserVisitsData CreateTag" tests="1" failures="0" timestamp="29 Aug 2019 13:19:51 GMT" time="73.637" errors="0">
  <testcase name="createTag" time="63.595" classname="com.lifeco.tests.Data_UserVisitsData_Test"/>
  <testcase name="navigateToDataSurveyResponses" time="0.0" classname="com.lifeco.tests.Data_UserVisitsData_Test">
    <ignored/>
  </testcase> <!-- navigateToDataSurveyResponses -->
</testsuite> <!-- UserVisitsData CreateTag -->
