<!DOCTYPE html PUBLIC "-//W3C//DTD XHTML 1.1//EN" "http://www.w3.org/TR/xhtml11/DTD/xhtml11.dtd">
<html xmlns="http://www.w3.org/1999/xhtml"><head><title>TestNG Report</title><style type="text/css">table {margin-bottom:10px;border-collapse:collapse;empty-cells:show}th,td {border:1px solid #009;padding:.25em .5em}th {vertical-align:bottom}td {vertical-align:top}table a {font-weight:bold}.stripe td {background-color: #E6EBF9}.num {text-align:right}.passedodd td {background-color: #3F3}.passedeven td {background-color: #0A0}.skippedodd td {background-color: #DDD}.skippedeven td {background-color: #CCC}.failedodd td,.attn {background-color: #F33}.failedeven td,.stripe .attn {background-color: #D00}.stacktrace {white-space:pre;font-family:monospace}.totop {font-size:85%;text-align:center;border-bottom:2px solid #000}</style></head><body><table><tr><th>Test</th><th># Passed</th><th># Skipped</th><th># Failed</th><th>Time (ms)</th><th>Included Groups</th><th>Excluded Groups</th></tr><tr><th colspan="7">Default suite</th></tr><tr><td><a href="#t0">Default test</a></td><td class="num">17</td><td class="num">0</td><td class="num attn">5</td><td class="num">1,150,324</td><td></td><td></td></tr></table><table id='summary'><thead><tr><th>Class</th><th>Method</th><th>Start</th><th>Time (ms)</th></tr></thead><tbody><tr><th colspan="4">Default suite</th></tr></tbody><tbody id="t0"><tr><th colspan="4">Default test &#8212; failed</th></tr><tr class="failedeven"><td rowspan="5">com.justdial.test.ImpCheckListTest</td><td><a href="#m0">defaultCitySuggestCheckList51</a></td><td rowspan="1">1573727306362</td><td rowspan="1">243015</td></tr><tr class="failedeven"><td><a href="#m1">movieFreeTextSearchAreaCheckList30</a></td><td rowspan="1">1573727240258</td><td rowspan="1">2160</td></tr><tr class="failedeven"><td><a href="#m2">movieFreeTextSearchCheckList29</a></td><td rowspan="1">1573727226681</td><td rowspan="1">1876</td></tr><tr class="failedeven"><td><a href="#m3">shopfrontProductSearchCheckList86</a></td><td rowspan="1">1573727594647</td><td rowspan="1">69798</td></tr><tr class="failedeven"><td><a href="#m4">verirfyEditFreeListing</a></td><td rowspan="1">1573727747353</td><td rowspan="1">369927</td></tr><tr><th colspan="4">Default test &#8212; passed</th></tr><tr class="passedeven"><td rowspan="17">com.justdial.test.ImpCheckListTest</td><td><a href="#m5">VerifyShopfrontProductSearchAndRedirectionCheckList85</a></td><td rowspan="1">1573728182130</td><td rowspan="1">17964</td></tr><tr class="passedeven"><td><a href="#m6">brandProductSearchCheckList20</a></td><td rowspan="1">1573727119817</td><td rowspan="1">5261</td></tr><tr class="passedeven"><td><a href="#m7">categoryFreeTextSearchCheckList28</a></td><td rowspan="1">1573727136512</td><td rowspan="1">4316</td></tr><tr class="passedeven"><td><a href="#m8">famousBrandAutoSuggestCheckList53</a></td><td rowspan="1">1573727576537</td><td rowspan="1">6112</td></tr><tr class="passedeven"><td><a href="#m9">hotelFreeTextSearchCheckList28</a></td><td rowspan="1">1573727151937</td><td rowspan="1">63656</td></tr><tr class="passedeven"><td><a href="#m10">movieSearchCheckList23</a></td><td rowspan="1">1573727064071</td><td rowspan="1">5798</td></tr><tr class="passedeven"><td><a href="#m11">movieSearchCheckListWithArea22</a></td><td rowspan="1">1573727082601</td><td rowspan="1">5389</td></tr><tr class="passedeven"><td><a href="#m12">productFreeTextAreaSearchCheckList32</a></td><td rowspan="1">1573727273686</td><td rowspan="1">3728</td></tr><tr class="passedeven"><td><a href="#m13">productFreeTextBrandCheckList33</a></td><td rowspan="1">1573727289680</td><td rowspan="1">3229</td></tr><tr class="passedeven"><td><a href="#m14">productFreeTextSearchCheckList31</a></td><td rowspan="1">1573727255373</td><td rowspan="1">3596</td></tr><tr class="passedeven"><td><a href="#m15">singleBoxAutoSuggestCheckList52</a></td><td rowspan="1">1573727559585</td><td rowspan="1">2592</td></tr><tr class="passedeven"><td><a href="#m16">specificProductSearchCheckList21</a></td><td rowspan="1">1573727098899</td><td rowspan="1">5857</td></tr><tr class="passedeven"><td><a href="#m17">verifyReportIssueCheckList121</a></td><td rowspan="1">1573728149644</td><td rowspan="1">18379</td></tr><tr class="passedeven"><td><a href="#m18">verifyShareFunctionaliyCheckList93</a></td><td rowspan="1">1573727677644</td><td rowspan="1">8407</td></tr><tr class="passedeven"><td><a href="#m19">verifyShareFunctionaliyMoviesCheckList93</a></td><td rowspan="1">1573727698738</td><td rowspan="1">6655</td></tr><tr class="passedeven"><td><a href="#m20">verifyUploadPhotoDetailsCheckList119</a></td><td rowspan="1">1573728129715</td><td rowspan="1">8293</td></tr><tr class="passedeven"><td><a href="#m21">verirfyCreationOfFreeListingCheckList110</a></td><td rowspan="1">1573727717088</td><td rowspan="1">19924</td></tr></tbody></table><h2>Default test</h2><h3 id="m0">com.justdial.test.ImpCheckListTest#defaultCitySuggestCheckList51</h3><table class="result"><tr class="param"><th>Parameter #1</th></tr><tr class="param stripe"><td>Bangalore</td></tr><tr><th>Exception</th></tr><tr><td><div class="stacktrace">org.openqa.selenium.TimeoutException: Expected condition failed: waiting for visibility of Proxy element for: DefaultElementLocator &apos;By.xpath: //div[@id=&apos;middle_btn&apos;]/span[2]&apos; (tried for 10 second(s) with 500 milliseconds interval)
	at org.openqa.selenium.support.ui.WebDriverWait.timeoutException(WebDriverWait.java:95)
	at org.openqa.selenium.support.ui.FluentWait.until(FluentWait.java:272)
	at com.lifeco.generic.CommonBasePage.waitForElementVisible(CommonBasePage.java:199)
	at com.lifeco.generic.CommonBasePage.getText(CommonBasePage.java:113)
	at com.justdial.page.CityChangePage.verifyDetectedLocation(CityChangePage.java:60)
	at com.justdial.test.ImpCheckListTest.defaultCitySuggestCheckList51(ImpCheckListTest.java:189)
	at sun.reflect.NativeMethodAccessorImpl.invoke0(Native Method)
	at sun.reflect.NativeMethodAccessorImpl.invoke(Unknown Source)
	at sun.reflect.DelegatingMethodAccessorImpl.invoke(Unknown Source)
	at java.lang.reflect.Method.invoke(Unknown Source)
	at org.testng.internal.MethodInvocationHelper.invokeMethod(MethodInvocationHelper.java:108)
	at org.testng.internal.Invoker.invokeMethod(Invoker.java:661)
	at org.testng.internal.Invoker.invokeTestMethod(Invoker.java:869)
	at org.testng.internal.Invoker.invokeTestMethods(Invoker.java:1193)
	at org.testng.internal.TestMethodWorker.invokeTestMethods(TestMethodWorker.java:126)
	at org.testng.internal.TestMethodWorker.run(TestMethodWorker.java:109)
	at org.testng.TestRunner.privateRun(TestRunner.java:744)
	at org.testng.TestRunner.run(TestRunner.java:602)
	at org.testng.SuiteRunner.runTest(SuiteRunner.java:380)
	at org.testng.SuiteRunner.runSequentially(SuiteRunner.java:375)
	at org.testng.SuiteRunner.privateRun(SuiteRunner.java:340)
	at org.testng.SuiteRunner.run(SuiteRunner.java:289)
	at org.testng.SuiteRunnerWorker.runSuite(SuiteRunnerWorker.java:52)
	at org.testng.SuiteRunnerWorker.run(SuiteRunnerWorker.java:86)
	at org.testng.TestNG.runSuitesSequentially(TestNG.java:1301)
	at org.testng.TestNG.runSuitesLocally(TestNG.java:1226)
	at org.testng.TestNG.runSuites(TestNG.java:1144)
	at org.testng.TestNG.run(TestNG.java:1115)
	at org.testng.remote.AbstractRemoteTestNG.run(AbstractRemoteTestNG.java:132)
	at org.testng.remote.RemoteTestNG.initAndRun(RemoteTestNG.java:230)
	at org.testng.remote.RemoteTestNG.main(RemoteTestNG.java:76)
Caused by: org.openqa.selenium.NoSuchElementException: no such element: Unable to locate element: {&quot;method&quot;:&quot;xpath&quot;,&quot;selector&quot;:&quot;//div[@id=&apos;middle_btn&apos;]/span[2]&quot;}
  (Session info: chrome=78.0.3904.97)
For documentation on this error, please visit: https://www.seleniumhq.org/exceptions/no_such_element.html
Build info: version: &apos;3.141.59&apos;, revision: &apos;e82be7d358&apos;, time: &apos;2018-11-14T08:17:03&apos;
System info: host: &apos;BLR-SOFT-29&apos;, ip: &apos;172.29.106.242&apos;, os.name: &apos;Windows 8&apos;, os.arch: &apos;amd64&apos;, os.version: &apos;6.2&apos;, java.version: &apos;1.8.0_181&apos;
Driver info: org.openqa.selenium.chrome.ChromeDriver
Capabilities {acceptInsecureCerts: false, browserName: chrome, browserVersion: 78.0.3904.97, chrome: {chromedriverVersion: 77.0.3865.40 (f484704e052e0..., userDataDir: C:\Users\blrsoft\AppData\Lo...}, goog:chromeOptions: {debuggerAddress: localhost:62160}, javascriptEnabled: true, networkConnectionEnabled: false, pageLoadStrategy: normal, platform: XP, platformName: XP, proxy: Proxy(), setWindowRect: true, strictFileInteractability: false, timeouts: {implicit: 0, pageLoad: 300000, script: 30000}, unhandledPromptBehavior: dismiss and notify}
Session ID: a03394a6278bffb5e29884da3053de70
*** Element info: {Using=xpath, value=//div[@id=&apos;middle_btn&apos;]/span[2]}
	at sun.reflect.NativeConstructorAccessorImpl.newInstance0(Native Method)
	at sun.reflect.NativeConstructorAccessorImpl.newInstance(Unknown Source)
	at sun.reflect.DelegatingConstructorAccessorImpl.newInstance(Unknown Source)
	at java.lang.reflect.Constructor.newInstance(Unknown Source)
	at org.openqa.selenium.remote.http.W3CHttpResponseCodec.createException(W3CHttpResponseCodec.java:187)
	at org.openqa.selenium.remote.http.W3CHttpResponseCodec.decode(W3CHttpResponseCodec.java:122)
	at org.openqa.selenium.remote.http.W3CHttpResponseCodec.decode(W3CHttpResponseCodec.java:49)
	at org.openqa.selenium.remote.HttpCommandExecutor.execute(HttpCommandExecutor.java:158)
	at org.openqa.selenium.remote.service.DriverCommandExecutor.execute(DriverCommandExecutor.java:83)
	at org.openqa.selenium.remote.RemoteWebDriver.execute(RemoteWebDriver.java:552)
	at org.openqa.selenium.remote.RemoteWebDriver.findElement(RemoteWebDriver.java:323)
	at org.openqa.selenium.remote.RemoteWebDriver.findElementByXPath(RemoteWebDriver.java:428)
	at org.openqa.selenium.By$ByXPath.findElement(By.java:353)
	at org.openqa.selenium.remote.RemoteWebDriver.findElement(RemoteWebDriver.java:315)
	at org.openqa.selenium.support.pagefactory.DefaultElementLocator.findElement(DefaultElementLocator.java:69)
	at org.openqa.selenium.support.pagefactory.internal.LocatingElementHandler.invoke(LocatingElementHandler.java:38)
	at com.sun.proxy.$Proxy13.isDisplayed(Unknown Source)
	at org.openqa.selenium.support.ui.ExpectedConditions.elementIfVisible(ExpectedConditions.java:314)
	at org.openqa.selenium.support.ui.ExpectedConditions.access$000(ExpectedConditions.java:43)
	at org.openqa.selenium.support.ui.ExpectedConditions$10.apply(ExpectedConditions.java:300)
	at org.openqa.selenium.support.ui.ExpectedConditions$10.apply(ExpectedConditions.java:297)
	at org.openqa.selenium.support.ui.FluentWait.until(FluentWait.java:249)
	... 29 more
</div></td></tr></table><p class="totop"><a href="#summary">back to summary</a></p><h3 id="m1">com.justdial.test.ImpCheckListTest#movieFreeTextSearchAreaCheckList30</h3><table class="result"><tr class="param"><th>Parameter #1</th></tr><tr class="param stripe"><td>Housefull 4|Hebbal</td></tr><tr><th>Exception</th></tr><tr><td><div class="stacktrace">java.lang.AssertionError: null
	at org.testng.Assert.fail(Assert.java:93)
	at org.testng.Assert.fail(Assert.java:100)
	at com.lifeco.generic.CommonBasePage.verifySearchResult(CommonBasePage.java:180)
	at com.justdial.page.ResultsPage.verifyMovieTitle(ResultsPage.java:148)
	at com.justdial.test.ImpCheckListTest.movieFreeTextSearchAreaCheckList30(ImpCheckListTest.java:135)
	at sun.reflect.NativeMethodAccessorImpl.invoke0(Native Method)
	at sun.reflect.NativeMethodAccessorImpl.invoke(Unknown Source)
	at sun.reflect.DelegatingMethodAccessorImpl.invoke(Unknown Source)
	at java.lang.reflect.Method.invoke(Unknown Source)
	at org.testng.internal.MethodInvocationHelper.invokeMethod(MethodInvocationHelper.java:108)
	at org.testng.internal.Invoker.invokeMethod(Invoker.java:661)
	at org.testng.internal.Invoker.invokeTestMethod(Invoker.java:869)
	at org.testng.internal.Invoker.invokeTestMethods(Invoker.java:1193)
	at org.testng.internal.TestMethodWorker.invokeTestMethods(TestMethodWorker.java:126)
	at org.testng.internal.TestMethodWorker.run(TestMethodWorker.java:109)
	at org.testng.TestRunner.privateRun(TestRunner.java:744)
	at org.testng.TestRunner.run(TestRunner.java:602)
	at org.testng.SuiteRunner.runTest(SuiteRunner.java:380)
	at org.testng.SuiteRunner.runSequentially(SuiteRunner.java:375)
	at org.testng.SuiteRunner.privateRun(SuiteRunner.java:340)
	at org.testng.SuiteRunner.run(SuiteRunner.java:289)
	at org.testng.SuiteRunnerWorker.runSuite(SuiteRunnerWorker.java:52)
	at org.testng.SuiteRunnerWorker.run(SuiteRunnerWorker.java:86)
	at org.testng.TestNG.runSuitesSequentially(TestNG.java:1301)
	at org.testng.TestNG.runSuitesLocally(TestNG.java:1226)
	at org.testng.TestNG.runSuites(TestNG.java:1144)
	at org.testng.TestNG.run(TestNG.java:1115)
	at org.testng.remote.AbstractRemoteTestNG.run(AbstractRemoteTestNG.java:132)
	at org.testng.remote.RemoteTestNG.initAndRun(RemoteTestNG.java:230)
	at org.testng.remote.RemoteTestNG.main(RemoteTestNG.java:76)
</div></td></tr></table><p class="totop"><a href="#summary">back to summary</a></p><h3 id="m2">com.justdial.test.ImpCheckListTest#movieFreeTextSearchCheckList29</h3><table class="result"><tr class="param"><th>Parameter #1</th></tr><tr class="param stripe"><td>Housefull 4</td></tr><tr><th>Exception</th></tr><tr><td><div class="stacktrace">java.lang.AssertionError: null
	at org.testng.Assert.fail(Assert.java:93)
	at org.testng.Assert.fail(Assert.java:100)
	at com.lifeco.generic.CommonBasePage.verifySearchResult(CommonBasePage.java:180)
	at com.justdial.page.ResultsPage.verifyMovieTitle(ResultsPage.java:148)
	at com.justdial.test.ImpCheckListTest.movieFreeTextSearchCheckList29(ImpCheckListTest.java:119)
	at sun.reflect.NativeMethodAccessorImpl.invoke0(Native Method)
	at sun.reflect.NativeMethodAccessorImpl.invoke(Unknown Source)
	at sun.reflect.DelegatingMethodAccessorImpl.invoke(Unknown Source)
	at java.lang.reflect.Method.invoke(Unknown Source)
	at org.testng.internal.MethodInvocationHelper.invokeMethod(MethodInvocationHelper.java:108)
	at org.testng.internal.Invoker.invokeMethod(Invoker.java:661)
	at org.testng.internal.Invoker.invokeTestMethod(Invoker.java:869)
	at org.testng.internal.Invoker.invokeTestMethods(Invoker.java:1193)
	at org.testng.internal.TestMethodWorker.invokeTestMethods(TestMethodWorker.java:126)
	at org.testng.internal.TestMethodWorker.run(TestMethodWorker.java:109)
	at org.testng.TestRunner.privateRun(TestRunner.java:744)
	at org.testng.TestRunner.run(TestRunner.java:602)
	at org.testng.SuiteRunner.runTest(SuiteRunner.java:380)
	at org.testng.SuiteRunner.runSequentially(SuiteRunner.java:375)
	at org.testng.SuiteRunner.privateRun(SuiteRunner.java:340)
	at org.testng.SuiteRunner.run(SuiteRunner.java:289)
	at org.testng.SuiteRunnerWorker.runSuite(SuiteRunnerWorker.java:52)
	at org.testng.SuiteRunnerWorker.run(SuiteRunnerWorker.java:86)
	at org.testng.TestNG.runSuitesSequentially(TestNG.java:1301)
	at org.testng.TestNG.runSuitesLocally(TestNG.java:1226)
	at org.testng.TestNG.runSuites(TestNG.java:1144)
	at org.testng.TestNG.run(TestNG.java:1115)
	at org.testng.remote.AbstractRemoteTestNG.run(AbstractRemoteTestNG.java:132)
	at org.testng.remote.RemoteTestNG.initAndRun(RemoteTestNG.java:230)
	at org.testng.remote.RemoteTestNG.main(RemoteTestNG.java:76)
</div></td></tr></table><p class="totop"><a href="#summary">back to summary</a></p><h3 id="m3">com.justdial.test.ImpCheckListTest#shopfrontProductSearchCheckList86</h3><table class="result"><tr class="param"><th>Parameter #1</th></tr><tr class="param stripe"><td>Dell|Laptops</td></tr><tr><th>Exception</th></tr><tr><td><div class="stacktrace">junit.framework.AssertionFailedError
	at junit.framework.Assert.fail(Assert.java:48)
	at junit.framework.Assert.fail(Assert.java:56)
	at com.justdial.page.ResultsPage.verifyProdResult(ResultsPage.java:155)
	at com.justdial.test.ImpCheckListTest.shopfrontProductSearchCheckList86(ImpCheckListTest.java:261)
	at sun.reflect.NativeMethodAccessorImpl.invoke0(Native Method)
	at sun.reflect.NativeMethodAccessorImpl.invoke(Unknown Source)
	at sun.reflect.DelegatingMethodAccessorImpl.invoke(Unknown Source)
	at java.lang.reflect.Method.invoke(Unknown Source)
	at org.testng.internal.MethodInvocationHelper.invokeMethod(MethodInvocationHelper.java:108)
	at org.testng.internal.Invoker.invokeMethod(Invoker.java:661)
	at org.testng.internal.Invoker.invokeTestMethod(Invoker.java:869)
	at org.testng.internal.Invoker.invokeTestMethods(Invoker.java:1193)
	at org.testng.internal.TestMethodWorker.invokeTestMethods(TestMethodWorker.java:126)
	at org.testng.internal.TestMethodWorker.run(TestMethodWorker.java:109)
	at org.testng.TestRunner.privateRun(TestRunner.java:744)
	at org.testng.TestRunner.run(TestRunner.java:602)
	at org.testng.SuiteRunner.runTest(SuiteRunner.java:380)
	at org.testng.SuiteRunner.runSequentially(SuiteRunner.java:375)
	at org.testng.SuiteRunner.privateRun(SuiteRunner.java:340)
	at org.testng.SuiteRunner.run(SuiteRunner.java:289)
	at org.testng.SuiteRunnerWorker.runSuite(SuiteRunnerWorker.java:52)
	at org.testng.SuiteRunnerWorker.run(SuiteRunnerWorker.java:86)
	at org.testng.TestNG.runSuitesSequentially(TestNG.java:1301)
	at org.testng.TestNG.runSuitesLocally(TestNG.java:1226)
	at org.testng.TestNG.runSuites(TestNG.java:1144)
	at org.testng.TestNG.run(TestNG.java:1115)
	at org.testng.remote.AbstractRemoteTestNG.run(AbstractRemoteTestNG.java:132)
	at org.testng.remote.RemoteTestNG.initAndRun(RemoteTestNG.java:230)
	at org.testng.remote.RemoteTestNG.main(RemoteTestNG.java:76)
</div></td></tr></table><p class="totop"><a href="#summary">back to summary</a></p><h3 id="m4">com.justdial.test.ImpCheckListTest#verirfyEditFreeListing</h3><table class="result"><tr><th>Exception</th></tr><tr><td><div class="stacktrace">org.openqa.selenium.NoSuchElementException: no such element: Unable to locate element: {&quot;method&quot;:&quot;css selector&quot;,&quot;selector&quot;:&quot;#usrname&quot;}
  (Session info: chrome=78.0.3904.97)
For documentation on this error, please visit: https://www.seleniumhq.org/exceptions/no_such_element.html
Build info: version: &apos;3.141.59&apos;, revision: &apos;e82be7d358&apos;, time: &apos;2018-11-14T08:17:03&apos;
System info: host: &apos;BLR-SOFT-29&apos;, ip: &apos;172.29.106.242&apos;, os.name: &apos;Windows 8&apos;, os.arch: &apos;amd64&apos;, os.version: &apos;6.2&apos;, java.version: &apos;1.8.0_181&apos;
Driver info: org.openqa.selenium.chrome.ChromeDriver
Capabilities {acceptInsecureCerts: false, browserName: chrome, browserVersion: 78.0.3904.97, chrome: {chromedriverVersion: 77.0.3865.40 (f484704e052e0..., userDataDir: C:\Users\blrsoft\AppData\Lo...}, goog:chromeOptions: {debuggerAddress: localhost:62933}, javascriptEnabled: true, networkConnectionEnabled: false, pageLoadStrategy: normal, platform: XP, platformName: XP, proxy: Proxy(), setWindowRect: true, strictFileInteractability: false, timeouts: {implicit: 0, pageLoad: 300000, script: 30000}, unhandledPromptBehavior: dismiss and notify}
Session ID: 3de35c0e5be8a63edc1b678ad123fdae
*** Element info: {Using=id, value=usrname}
	at sun.reflect.NativeConstructorAccessorImpl.newInstance0(Native Method)
	at sun.reflect.NativeConstructorAccessorImpl.newInstance(Unknown Source)
	at sun.reflect.DelegatingConstructorAccessorImpl.newInstance(Unknown Source)
	at java.lang.reflect.Constructor.newInstance(Unknown Source)
	at org.openqa.selenium.remote.http.W3CHttpResponseCodec.createException(W3CHttpResponseCodec.java:187)
	at org.openqa.selenium.remote.http.W3CHttpResponseCodec.decode(W3CHttpResponseCodec.java:122)
	at org.openqa.selenium.remote.http.W3CHttpResponseCodec.decode(W3CHttpResponseCodec.java:49)
	at org.openqa.selenium.remote.HttpCommandExecutor.execute(HttpCommandExecutor.java:158)
	at org.openqa.selenium.remote.service.DriverCommandExecutor.execute(DriverCommandExecutor.java:83)
	at org.openqa.selenium.remote.RemoteWebDriver.execute(RemoteWebDriver.java:552)
	at org.openqa.selenium.remote.RemoteWebDriver.findElement(RemoteWebDriver.java:323)
	at org.openqa.selenium.remote.RemoteWebDriver.findElementById(RemoteWebDriver.java:372)
	at org.openqa.selenium.By$ById.findElement(By.java:188)
	at org.openqa.selenium.remote.RemoteWebDriver.findElement(RemoteWebDriver.java:315)
	at org.openqa.selenium.support.pagefactory.DefaultElementLocator.findElement(DefaultElementLocator.java:69)
	at org.openqa.selenium.support.pagefactory.internal.LocatingElementHandler.invoke(LocatingElementHandler.java:38)
	at com.sun.proxy.$Proxy13.getWrappedElement(Unknown Source)
	at org.openqa.selenium.remote.internal.WebElementToJsonConverter.apply(WebElementToJsonConverter.java:50)
	at java.util.stream.ReferencePipeline$3$1.accept(Unknown Source)
	at java.util.Spliterators$ArraySpliterator.forEachRemaining(Unknown Source)
	at java.util.stream.AbstractPipeline.copyInto(Unknown Source)
	at java.util.stream.AbstractPipeline.wrapAndCopyInto(Unknown Source)
	at java.util.stream.ReduceOps$ReduceOp.evaluateSequential(Unknown Source)
	at java.util.stream.AbstractPipeline.evaluate(Unknown Source)
	at java.util.stream.ReferencePipeline.collect(Unknown Source)
	at org.openqa.selenium.remote.RemoteWebDriver.executeScript(RemoteWebDriver.java:484)
	at com.lifeco.generic.CommonBasePage.sendKeysByJs(CommonBasePage.java:222)
	at com.lifeco.generic.CommonBasePage.sendKeys(CommonBasePage.java:409)
	at com.justdial.page.FreeListingPage.enterUserName(FreeListingPage.java:178)
	at com.justdial.test.ImpCheckListTest.verirfyEditFreeListing(ImpCheckListTest.java:340)
	at sun.reflect.NativeMethodAccessorImpl.invoke0(Native Method)
	at sun.reflect.NativeMethodAccessorImpl.invoke(Unknown Source)
	at sun.reflect.DelegatingMethodAccessorImpl.invoke(Unknown Source)
	at java.lang.reflect.Method.invoke(Unknown Source)
	at org.testng.internal.MethodInvocationHelper.invokeMethod(MethodInvocationHelper.java:108)
	at org.testng.internal.Invoker.invokeMethod(Invoker.java:661)
	at org.testng.internal.Invoker.invokeTestMethod(Invoker.java:869)
	at org.testng.internal.Invoker.invokeTestMethods(Invoker.java:1193)
	at org.testng.internal.TestMethodWorker.invokeTestMethods(TestMethodWorker.java:126)
	at org.testng.internal.TestMethodWorker.run(TestMethodWorker.java:109)
	at org.testng.TestRunner.privateRun(TestRunner.java:744)
	at org.testng.TestRunner.run(TestRunner.java:602)
	at org.testng.SuiteRunner.runTest(SuiteRunner.java:380)
	at org.testng.SuiteRunner.runSequentially(SuiteRunner.java:375)
	at org.testng.SuiteRunner.privateRun(SuiteRunner.java:340)
	at org.testng.SuiteRunner.run(SuiteRunner.java:289)
	at org.testng.SuiteRunnerWorker.runSuite(SuiteRunnerWorker.java:52)
	at org.testng.SuiteRunnerWorker.run(SuiteRunnerWorker.java:86)
	at org.testng.TestNG.runSuitesSequentially(TestNG.java:1301)
	at org.testng.TestNG.runSuitesLocally(TestNG.java:1226)
	at org.testng.TestNG.runSuites(TestNG.java:1144)
	at org.testng.TestNG.run(TestNG.java:1115)
	at org.testng.remote.AbstractRemoteTestNG.run(AbstractRemoteTestNG.java:132)
	at org.testng.remote.RemoteTestNG.initAndRun(RemoteTestNG.java:230)
	at org.testng.remote.RemoteTestNG.main(RemoteTestNG.java:76)
</div></td></tr></table><p class="totop"><a href="#summary">back to summary</a></p><h3 id="m5">com.justdial.test.ImpCheckListTest#VerifyShopfrontProductSearchAndRedirectionCheckList85</h3><table class="result"><tr class="param"><th>Parameter #1</th></tr><tr class="param stripe"><td>Redmi Note 7 Pro</td></tr></table><p class="totop"><a href="#summary">back to summary</a></p><h3 id="m6">com.justdial.test.ImpCheckListTest#brandProductSearchCheckList20</h3><table class="result"><tr class="param"><th>Parameter #1</th></tr><tr class="param stripe"><td>Dell|Laptop</td></tr></table><p class="totop"><a href="#summary">back to summary</a></p><h3 id="m7">com.justdial.test.ImpCheckListTest#categoryFreeTextSearchCheckList28</h3><table class="result"><tr class="param"><th>Parameter #1</th></tr><tr class="param stripe"><td>Restaurant</td></tr></table><p class="totop"><a href="#summary">back to summary</a></p><h3 id="m8">com.justdial.test.ImpCheckListTest#famousBrandAutoSuggestCheckList53</h3><table class="result"><tr class="param"><th>Parameter #1</th></tr><tr class="param stripe"><td>Restaurants|Mainland china</td></tr></table><p class="totop"><a href="#summary">back to summary</a></p><h3 id="m9">com.justdial.test.ImpCheckListTest#hotelFreeTextSearchCheckList28</h3><table class="result"><tr class="param"><th>Parameter #1</th></tr><tr class="param stripe"><td>Hotels|All Options</td></tr></table><p class="totop"><a href="#summary">back to summary</a></p><h3 id="m10">com.justdial.test.ImpCheckListTest#movieSearchCheckList23</h3><table class="result"><tr class="param"><th>Parameter #1</th></tr><tr class="param stripe"><td>Housefull 4</td></tr></table><p class="totop"><a href="#summary">back to summary</a></p><h3 id="m11">com.justdial.test.ImpCheckListTest#movieSearchCheckListWithArea22</h3><table class="result"><tr class="param"><th>Parameter #1</th></tr><tr class="param stripe"><td>Housefull 4|Bsavangudi</td></tr></table><p class="totop"><a href="#summary">back to summary</a></p><h3 id="m12">com.justdial.test.ImpCheckListTest#productFreeTextAreaSearchCheckList32</h3><table class="result"><tr class="param"><th>Parameter #1</th></tr><tr class="param stripe"><td>Apple iPhone XR|Gandhi Bhazar</td></tr></table><p class="totop"><a href="#summary">back to summary</a></p><h3 id="m13">com.justdial.test.ImpCheckListTest#productFreeTextBrandCheckList33</h3><table class="result"><tr class="param"><th>Parameter #1</th></tr><tr class="param stripe"><td>Laptop|Dell</td></tr></table><p class="totop"><a href="#summary">back to summary</a></p><h3 id="m14">com.justdial.test.ImpCheckListTest#productFreeTextSearchCheckList31</h3><table class="result"><tr class="param"><th>Parameter #1</th></tr><tr class="param stripe"><td>Apple iPhone XR</td></tr></table><p class="totop"><a href="#summary">back to summary</a></p><h3 id="m15">com.justdial.test.ImpCheckListTest#singleBoxAutoSuggestCheckList52</h3><table class="result"><tr class="param"><th>Parameter #1</th></tr><tr class="param stripe"><td>Mcdonalds|saket delhi</td></tr></table><p class="totop"><a href="#summary">back to summary</a></p><h3 id="m16">com.justdial.test.ImpCheckListTest#specificProductSearchCheckList21</h3><table class="result"><tr class="param"><th>Parameter #1</th></tr><tr class="param stripe"><td>iPhone X (64 GB, Space Grey)</td></tr></table><p class="totop"><a href="#summary">back to summary</a></p><h3 id="m17">com.justdial.test.ImpCheckListTest#verifyReportIssueCheckList121</h3><table class="result"><tr class="param"><th>Parameter #1</th></tr><tr class="param stripe"><td>“Good Day Happy Life”</td></tr></table><p class="totop"><a href="#summary">back to summary</a></p><h3 id="m18">com.justdial.test.ImpCheckListTest#verifyShareFunctionaliyCheckList93</h3><table class="result"></table><p class="totop"><a href="#summary">back to summary</a></p><h3 id="m19">com.justdial.test.ImpCheckListTest#verifyShareFunctionaliyMoviesCheckList93</h3><table class="result"></table><p class="totop"><a href="#summary">back to summary</a></p><h3 id="m20">com.justdial.test.ImpCheckListTest#verifyUploadPhotoDetailsCheckList119</h3><table class="result"><tr class="param"><th>Parameter #1</th></tr><tr class="param stripe"><td>Zxy Enterprises Pvt Ltd|C:\\Users\\blrsoft\\git\\JustDailAutomationFrameworkGirish\\JustDialWebPanel\\image\\cycling.png</td></tr></table><p class="totop"><a href="#summary">back to summary</a></p><h3 id="m21">com.justdial.test.ImpCheckListTest#verirfyCreationOfFreeListingCheckList110</h3><table class="result"><tr class="param"><th>Parameter #1</th></tr><tr class="param stripe"><td>atozewneerprises|Bangalore|Arvind Mehta|8888884222|24827622|Manyata|560005</td></tr></table><p class="totop"><a href="#summary">back to summary</a></p></body></html>