<?xml version="1.0" encoding="UTF-8"?>
<testng-results skipped="0" failed="0" ignored="21" total="22" passed="1">
  <reporter-output>
  </reporter-output>
  <suite name="Suite" duration-ms="13860" started-at="2019-11-27T06:06:32Z" finished-at="2019-11-27T06:06:46Z">
    <groups>
    </groups>
    <test name="Test" duration-ms="13860" started-at="2019-11-27T06:06:32Z" finished-at="2019-11-27T06:06:46Z">
      <class name="com.prathibha.justdialtest.Autosuggdisplay">
        <test-method status="PASS" signature="intialize()[pri:0, instance:com.prathibha.justdialtest.Autosuggdisplay@130f889]" name="intialize" is-config="true" duration-ms="146" started-at="2019-11-27T06:06:32Z" finished-at="2019-11-27T06:06:32Z">
          <reporter-output>
          </reporter-output>
        </test-method> <!-- intialize -->
        <test-method status="PASS" signature="openApplication(java.lang.String)[pri:0, instance:com.prathibha.justdialtest.Autosuggdisplay@130f889]" name="openApplication" is-config="true" duration-ms="9074" started-at="2019-11-27T06:06:32Z" finished-at="2019-11-27T06:06:41Z">
          <params>
            <param index="0">
              <value>
                <![CDATA[Pixel 2]]>
              </value>
            </param>
          </params>
          <reporter-output>
          </reporter-output>
        </test-method> <!-- openApplication -->
        <test-method status="PASS" signature="singleBoxCompanySearchwithTajHotel_9()[pri:1, instance:com.prathibha.justdialtest.Autosuggdisplay@130f889]" name="singleBoxCompanySearchwithTajHotel_9" duration-ms="1247" started-at="2019-11-27T06:06:41Z" finished-at="2019-11-27T06:06:42Z">
          <reporter-output>
          </reporter-output>
        </test-method> <!-- singleBoxCompanySearchwithTajHotel_9 -->
        <test-method status="PASS" signature="zpostcondition(org.testng.ITestResult)[pri:0, instance:com.prathibha.justdialtest.Autosuggdisplay@130f889]" name="zpostcondition" is-config="true" duration-ms="3371" started-at="2019-11-27T06:06:42Z" finished-at="2019-11-27T06:06:46Z">
          <params>
            <param index="0">
              <value>
                <![CDATA[[TestResult name=singleBoxCompanySearchwithTajHotel_9 status=SUCCESS method=Autosuggdisplay.singleBoxCompanySearchwithTajHotel_9()[pri:1, instance:com.prathibha.justdialtest.Autosuggdisplay@130f889] output={null}]]]>
              </value>
            </param>
          </params>
          <reporter-output>
          </reporter-output>
        </test-method> <!-- zpostcondition -->
      </class> <!-- com.prathibha.justdialtest.Autosuggdisplay -->
    </test> <!-- Test -->
  </suite> <!-- Suite -->
</testng-results>
