<?xml version="1.0" encoding="UTF-8"?>
<!-- Generated by org.testng.reporters.JUnitXMLReporter -->
<testsuite hostname="DESKTOP-A96QGMO" ignored="5" name="All Tips" tests="1" failures="0" timestamp="06 Sep 2019 11:53:25 GMT" time="128.549" errors="0">
  <testcase name="VerifyEditTip" time="120.622" classname="com.lifeco.tests.Content_Tips_AllTips_Test"/>
  <testcase name="VerifyEnableTip" time="0.0" classname="com.lifeco.tests.Content_Tips_AllTips_Test">
    <ignored/>
  </testcase> <!-- VerifyEnableTip -->
  <testcase name="VerifyAddTip" time="0.0" classname="com.lifeco.tests.Content_Tips_AllTips_Test">
    <ignored/>
  </testcase> <!-- VerifyAddTip -->
  <testcase name="VerifyDeleteTip" time="0.0" classname="com.lifeco.tests.Content_Tips_AllTips_Test">
    <ignored/>
  </testcase> <!-- VerifyDeleteTip -->
  <testcase name="VerifyDisableTip" time="0.0" classname="com.lifeco.tests.Content_Tips_AllTips_Test">
    <ignored/>
  </testcase> <!-- VerifyDisableTip -->
  <testcase name="navigateToAllTips" time="0.0" classname="com.lifeco.tests.Content_Tips_AllTips_Test">
    <ignored/>
  </testcase> <!-- navigateToAllTips -->
</testsuite> <!-- All Tips -->
