<?xml version="1.0" encoding="UTF-8"?>
<!-- Generated by org.testng.reporters.JUnitXMLReporter -->
<testsuite hostname="DESKTOP-A96QGMO" ignored="4" name="Content tips Categories" tests="1" failures="0" timestamp="06 Sep 2019 11:51:16 GMT" time="58.78" errors="0">
  <testcase name="editCategory" time="49.854" classname="com.lifeco.tests.Content_Tips_Categories_Test"/>
  <testcase name="addCategory" time="0.0" classname="com.lifeco.tests.Content_Tips_Categories_Test">
    <ignored/>
  </testcase> <!-- addCategory -->
  <testcase name="navigateToCategory" time="0.0" classname="com.lifeco.tests.Content_Tips_Categories_Test">
    <ignored/>
  </testcase> <!-- navigateToCategory -->
  <testcase name="verifyErrorAddCategory" time="0.0" classname="com.lifeco.tests.Content_Tips_Categories_Test">
    <ignored/>
  </testcase> <!-- verifyErrorAddCategory -->
  <testcase name="deleteCategory" time="0.0" classname="com.lifeco.tests.Content_Tips_Categories_Test">
    <ignored/>
  </testcase> <!-- deleteCategory -->
</testsuite> <!-- Content tips Categories -->
