<?xml version="1.0" encoding="UTF-8"?>
<!-- Generated by org.testng.reporters.JUnitXMLReporter -->
<testsuite hostname="DESKTOP-A96QGMO" ignored="2" name="Content Challenge" tests="14" failures="1" timestamp="28 Aug 2019 09:20:45 GMT" time="1530.729" errors="0">
  <testcase name="createNewIndividualChallenge" time="174.833" classname="com.lifeco.tests.Content_ChallengesPage_Test"/>
  <testcase name="createNewCommunityChallenge" time="224.756" classname="com.lifeco.tests.Content_ChallengesPage_Test"/>
  <testcase name="creatNewCompetativeChallenge" time="186.526" classname="com.lifeco.tests.Content_ChallengesPage_Test"/>
  <testcase name="creatNewBeatMyBestChallenge" time="173.292" classname="com.lifeco.tests.Content_ChallengesPage_Test"/>
  <testcase name="closeChallengeCreation" time="53.861" classname="com.lifeco.tests.Content_ChallengesPage_Test"/>
  <testcase name="verifyDetailsErrorMsg" time="36.879" classname="com.lifeco.tests.Content_ChallengesPage_Test"/>
  <testcase name="verifySheduleAvailabilityErrorMsg" time="38.238" classname="com.lifeco.tests.Content_ChallengesPage_Test"/>
  <testcase name="verifyRulesAndStagesErrorMsg" time="0.229" classname="com.lifeco.tests.Content_ChallengesPage_Test">
    <failure type="org.testng.internal.reflect.MethodMatcherException" message="
Data provider mismatch
Method: verifyRulesAndStagesErrorMsg([Parameter{index=0, type=java.lang.String, declaredAnnotations=[]}, Parameter{index=1, type=java.lang.String, declaredAnnotations=[]}, Parameter{index=2, type=java.lang.String, declaredAnnotations=[]}, Parameter{index=3, type=java.lang.String, declaredAnnotations=[]}, Parameter{index=4, type=java.lang.String, declaredAnnotations=[]}, Parameter{index=5, type=java.lang.String, declaredAnnotations=[]}, Parameter{index=6, type=java.lang.String, declaredAnnotations=[]}])
Arguments: [(java.lang.String) New Individual Challenge schedule error,(java.lang.String)  Test Teaser Desc,(java.lang.String) Test Type Info Tilte,(java.lang.String) type description challenge]">
      <![CDATA[org.testng.internal.reflect.MethodMatcherException: 
Data provider mismatch
Method: verifyRulesAndStagesErrorMsg([Parameter{index=0, type=java.lang.String, declaredAnnotations=[]}, Parameter{index=1, type=java.lang.String, declaredAnnotations=[]}, Parameter{index=2, type=java.lang.String, declaredAnnotations=[]}, Parameter{index=3, type=java.lang.String, declaredAnnotations=[]}, Parameter{index=4, type=java.lang.String, declaredAnnotations=[]}, Parameter{index=5, type=java.lang.String, declaredAnnotations=[]}, Parameter{index=6, type=java.lang.String, declaredAnnotations=[]}])
Arguments: [(java.lang.String) New Individual Challenge schedule error,(java.lang.String)  Test Teaser Desc,(java.lang.String) Test Type Info Tilte,(java.lang.String) type description challenge]
... Removed 20 stack frames]]>
    </failure>
  </testcase> <!-- verifyRulesAndStagesErrorMsg -->
  <testcase name="verifyImagesTabErrorMsg" time="73.781" classname="com.lifeco.tests.Content_ChallengesPage_Test"/>
  <testcase name="verifyAuidenceErrorMsg" time="184.88" classname="com.lifeco.tests.Content_ChallengesPage_Test"/>
  <testcase name="noOfChallengesCreated" time="73.078" classname="com.lifeco.tests.Content_ChallengesPage_Test"/>
  <testcase name="showChallengeRecords" time="52.646" classname="com.lifeco.tests.Content_ChallengesPage_Test"/>
  <testcase name="showChallegesDateRange" time="114.635" classname="com.lifeco.tests.Content_ChallengesPage_Test"/>
  <testcase name="verifyReset" time="24.028" classname="com.lifeco.tests.Content_ChallengesPage_Test"/>
  <testcase name="verifyNavigateToChallengeConfigure" time="0.0" classname="com.lifeco.tests.Content_ChallengesPage_Test">
    <ignored/>
  </testcase> <!-- verifyNavigateToChallengeConfigure -->
  <testcase name="copyExistingIndividualChallenge" time="0.0" classname="com.lifeco.tests.Content_ChallengesPage_Test">
    <ignored/>
  </testcase> <!-- copyExistingIndividualChallenge -->
</testsuite> <!-- Content Challenge -->
