<?xml version="1.0" encoding="UTF-8"?>
<!-- Generated by org.testng.reporters.JUnitXMLReporter -->
<testsuite hostname="DESKTOP-A96QGMO" ignored="5" name="Engagement Campaigns" tests="2" failures="0" timestamp="06 Sep 2019 11:59:14 GMT" time="348.257" errors="0">
  <testcase name="editCampaign" time="134.388" classname="com.lifeco.tests.Engagement_Campaigns_LogTest">
    <skipped/>
  </testcase> <!-- editCampaign -->
  <testcase name="editCampaign" time="192.322" classname="com.lifeco.tests.Engagement_Campaigns_LogTest"/>
  <testcase name="verifyErrorMsg" time="0.0" classname="com.lifeco.tests.Engagement_Campaigns_LogTest">
    <ignored/>
  </testcase> <!-- verifyErrorMsg -->
  <testcase name="verifyNavigateToEngagementCampaign" time="0.0" classname="com.lifeco.tests.Engagement_Campaigns_LogTest">
    <ignored/>
  </testcase> <!-- verifyNavigateToEngagementCampaign -->
  <testcase name="verifyAddCampaignFromScheduled" time="0.0" classname="com.lifeco.tests.Engagement_Campaigns_LogTest">
    <ignored/>
  </testcase> <!-- verifyAddCampaignFromScheduled -->
  <testcase name="verifyAddCampaign" time="0.0" classname="com.lifeco.tests.Engagement_Campaigns_LogTest">
    <ignored/>
  </testcase> <!-- verifyAddCampaign -->
  <testcase name="verifyNewCampaignCancel" time="0.0" classname="com.lifeco.tests.Engagement_Campaigns_LogTest">
    <ignored/>
  </testcase> <!-- verifyNewCampaignCancel -->
</testsuite> <!-- Engagement Campaigns -->
