<?xml version="1.0" encoding="UTF-8"?>
<!-- Generated by org.testng.reporters.JUnitXMLReporter -->
<testsuite hostname="DESKTOP-A96QGMO" ignored="3" name="Highlights" tests="1" failures="1" timestamp="06 Sep 2019 11:53:26 GMT" time="0.764" errors="0">
  <testcase name="verifyEditHighlights" time="0.655" classname="com.lifeco.tests.Content_Highlights_Test">
    <failure type="org.testng.internal.reflect.MethodMatcherException" message="
Data provider mismatch
Method: verifyEditHighlights([Parameter{index=0, type=java.lang.String, declaredAnnotations=[]}, Parameter{index=1, type=java.lang.String, declaredAnnotations=[]}, Parameter{index=2, type=java.lang.String, declaredAnnotations=[]}, Parameter{index=3, type=java.lang.String, declaredAnnotations=[]}, Parameter{index=4, type=java.lang.String, declaredAnnotations=[]}, Parameter{index=5, type=java.lang.String, declaredAnnotations=[]}, Parameter{index=6, type=java.lang.String, declaredAnnotations=[]}, Parameter{index=7, type=java.lang.String, declaredAnnotations=[]}, Parameter{index=8, type=java.lang.String, declaredAnnotations=[]}, Parameter{index=9, type=java.lang.String, declaredAnnotations=[]}, Parameter{index=10, type=java.lang.String, declaredAnnotations=[]}, Parameter{index=11, type=java.lang.String, declaredAnnotations=[]}, Parameter{index=12, type=java.lang.String, declaredAnnotations=[]}])
Arguments: [(java.lang.String) HighLight Aug 30,(java.lang.String) HighLight  Edit30,(java.lang.String) high tit 1,(java.lang.String) abc,(java.lang.String) xyz,(java.lang.String) 2019-09-06,(java.lang.String) 2019-09-07,(java.lang.String) girish|girish+1,(java.lang.String) Specific policyholders,(java.lang.String) ANY,(java.lang.String) Santhoshi Tag 1|Santhoshi Tag 2]">
      <![CDATA[org.testng.internal.reflect.MethodMatcherException: 
Data provider mismatch
Method: verifyEditHighlights([Parameter{index=0, type=java.lang.String, declaredAnnotations=[]}, Parameter{index=1, type=java.lang.String, declaredAnnotations=[]}, Parameter{index=2, type=java.lang.String, declaredAnnotations=[]}, Parameter{index=3, type=java.lang.String, declaredAnnotations=[]}, Parameter{index=4, type=java.lang.String, declaredAnnotations=[]}, Parameter{index=5, type=java.lang.String, declaredAnnotations=[]}, Parameter{index=6, type=java.lang.String, declaredAnnotations=[]}, Parameter{index=7, type=java.lang.String, declaredAnnotations=[]}, Parameter{index=8, type=java.lang.String, declaredAnnotations=[]}, Parameter{index=9, type=java.lang.String, declaredAnnotations=[]}, Parameter{index=10, type=java.lang.String, declaredAnnotations=[]}, Parameter{index=11, type=java.lang.String, declaredAnnotations=[]}, Parameter{index=12, type=java.lang.String, declaredAnnotations=[]}])
Arguments: [(java.lang.String) HighLight Aug 30,(java.lang.String) HighLight  Edit30,(java.lang.String) high tit 1,(java.lang.String) abc,(java.lang.String) xyz,(java.lang.String) 2019-09-06,(java.lang.String) 2019-09-07,(java.lang.String) girish|girish+1,(java.lang.String) Specific policyholders,(java.lang.String) ANY,(java.lang.String) Santhoshi Tag 1|Santhoshi Tag 2]
... Removed 20 stack frames]]>
    </failure>
  </testcase> <!-- verifyEditHighlights -->
  <testcase name="verifyAddHighlights" time="0.0" classname="com.lifeco.tests.Content_Highlights_Test">
    <ignored/>
  </testcase> <!-- verifyAddHighlights -->
  <testcase name="verifyNavigateToHighlights" time="0.0" classname="com.lifeco.tests.Content_Highlights_Test">
    <ignored/>
  </testcase> <!-- verifyNavigateToHighlights -->
  <testcase name="verifyDeleteHighlights" time="0.0" classname="com.lifeco.tests.Content_Highlights_Test">
    <ignored/>
  </testcase> <!-- verifyDeleteHighlights -->
</testsuite> <!-- Highlights -->
