<?xml version="1.0" encoding="UTF-8"?>
<!-- Generated by org.testng.reporters.JUnitXMLReporter -->
<testsuite hostname="DESKTOP-A96QGMO" ignored="6" name="Interactive Videos" tests="1" failures="0" timestamp="06 Sep 2019 11:43:51 GMT" time="133.984" errors="0">
  <testcase name="verifyEditVideo" time="120.728" classname="com.lifeco.tests.Content_Interactive_Videos_Test"/>
  <testcase name="verifyDeselectAll" time="0.0" classname="com.lifeco.tests.Content_Interactive_Videos_Test">
    <ignored/>
  </testcase> <!-- verifyDeselectAll -->
  <testcase name="verifyCancelDelete" time="0.0" classname="com.lifeco.tests.Content_Interactive_Videos_Test">
    <ignored/>
  </testcase> <!-- verifyCancelDelete -->
  <testcase name="verifyAddVideo" time="0.0" classname="com.lifeco.tests.Content_Interactive_Videos_Test">
    <ignored/>
  </testcase> <!-- verifyAddVideo -->
  <testcase name="verifyNavigationToVideosPage" time="0.0" classname="com.lifeco.tests.Content_Interactive_Videos_Test">
    <ignored/>
  </testcase> <!-- verifyNavigationToVideosPage -->
  <testcase name="verifyDelete" time="0.0" classname="com.lifeco.tests.Content_Interactive_Videos_Test">
    <ignored/>
  </testcase> <!-- verifyDelete -->
  <testcase name="verifyErrorMsg" time="0.0" classname="com.lifeco.tests.Content_Interactive_Videos_Test">
    <ignored/>
  </testcase> <!-- verifyErrorMsg -->
</testsuite> <!-- Interactive Videos -->
