<?xml version="1.0" encoding="UTF-8"?>
<!-- Generated by org.testng.reporters.JUnitXMLReporter -->
<testsuite hostname="DESKTOP-A96QGMO" ignored="7" name="Interactive Quizzes" tests="1" failures="0" timestamp="06 Sep 2019 11:41:37 GMT" time="46.624" errors="0">
  <testcase name="verifyEditQuiz" time="36.597" classname="com.lifeco.tests.Content_Interactive_Quizzes_Test"/>
  <testcase name="verifyDeselectAll" time="0.0" classname="com.lifeco.tests.Content_Interactive_Quizzes_Test">
    <ignored/>
  </testcase> <!-- verifyDeselectAll -->
  <testcase name="verifySearch" time="0.0" classname="com.lifeco.tests.Content_Interactive_Quizzes_Test">
    <ignored/>
  </testcase> <!-- verifySearch -->
  <testcase name="createNewQuizz" time="0.0" classname="com.lifeco.tests.Content_Interactive_Quizzes_Test">
    <ignored/>
  </testcase> <!-- createNewQuizz -->
  <testcase name="deleteQuizzError" time="0.0" classname="com.lifeco.tests.Content_Interactive_Quizzes_Test">
    <ignored/>
  </testcase> <!-- deleteQuizzError -->
  <testcase name="verifyNavigationToQuizzPage" time="0.0" classname="com.lifeco.tests.Content_Interactive_Quizzes_Test">
    <ignored/>
  </testcase> <!-- verifyNavigationToQuizzPage -->
  <testcase name="deleteQuizz" time="0.0" classname="com.lifeco.tests.Content_Interactive_Quizzes_Test">
    <ignored/>
  </testcase> <!-- deleteQuizz -->
  <testcase name="verifySelectionOfRecords" time="0.0" classname="com.lifeco.tests.Content_Interactive_Quizzes_Test">
    <ignored/>
  </testcase> <!-- verifySelectionOfRecords -->
</testsuite> <!-- Interactive Quizzes -->
