<?xml version="1.0" encoding="UTF-8"?>
<!-- Generated by org.testng.reporters.JUnitXMLReporter -->
<testsuite hostname="DESKTOP-A96QGMO" ignored="10" name="Interactive Poll" tests="0" failures="0" timestamp="06 Sep 2019 11:40:50 GMT" time="0.133" errors="0">
  <testcase name="createNewPoll" time="0.0" classname="com.lifeco.tests.Content_Interactive_PollPage_Test">
    <ignored/>
  </testcase> <!-- createNewPoll -->
  <testcase name="verifyAllFieldsError" time="0.0" classname="com.lifeco.tests.Content_Interactive_PollPage_Test">
    <ignored/>
  </testcase> <!-- verifyAllFieldsError -->
  <testcase name="verifyNavigationToPollPage" time="0.0" classname="com.lifeco.tests.Content_Interactive_PollPage_Test">
    <ignored/>
  </testcase> <!-- verifyNavigationToPollPage -->
  <testcase name="verifyDeletePoll" time="0.0" classname="com.lifeco.tests.Content_Interactive_PollPage_Test">
    <ignored/>
  </testcase> <!-- verifyDeletePoll -->
  <testcase name="verifyMinimize" time="0.0" classname="com.lifeco.tests.Content_Interactive_PollPage_Test">
    <ignored/>
  </testcase> <!-- verifyMinimize -->
  <testcase name="verify" time="0.0" classname="com.lifeco.tests.Content_Interactive_PollPage_Test">
    <ignored/>
  </testcase> <!-- verify -->
  <testcase name="verifySelectionOfRecords" time="0.0" classname="com.lifeco.tests.Content_Interactive_PollPage_Test">
    <ignored/>
  </testcase> <!-- verifySelectionOfRecords -->
  <testcase name="verifySearchFunctionality" time="0.0" classname="com.lifeco.tests.Content_Interactive_PollPage_Test">
    <ignored/>
  </testcase> <!-- verifySearchFunctionality -->
  <testcase name="verifyDeselectAll" time="0.0" classname="com.lifeco.tests.Content_Interactive_PollPage_Test">
    <ignored/>
  </testcase> <!-- verifyDeselectAll -->
  <testcase name="verifyRecords" time="0.0" classname="com.lifeco.tests.Content_Interactive_PollPage_Test">
    <ignored/>
  </testcase> <!-- verifyRecords -->
</testsuite> <!-- Interactive Poll -->
