<?xml version="1.0" encoding="UTF-8"?>
<!-- Generated by org.testng.reporters.JUnitXMLReporter -->
<testsuite hostname="DESKTOP-A96QGMO" ignored="1" name="Login" tests="8" failures="0" timestamp="28 Aug 2019 08:55:15 GMT" time="125.986" errors="0">
  <testcase name="testValidLogin" time="27.264" classname="com.lifeco.tests.LoginTest"/>
  <testcase name="testInvalidLogin" time="1.734" classname="com.lifeco.tests.LoginTest"/>
  <testcase name="testInvalidEmailPassword" time="2.341" classname="com.lifeco.tests.LoginTest"/>
  <testcase name="testInvalidEmailPassword" time="2.329" classname="com.lifeco.tests.LoginTest"/>
  <testcase name="testInvalidLoginCredentials" time="5.97" classname="com.lifeco.tests.LoginTest"/>
  <testcase name="testInvalidLoginCredentials" time="5.888" classname="com.lifeco.tests.LoginTest"/>
  <testcase name="testInvalidEmail" time="3.44" classname="com.lifeco.tests.LoginTest"/>
  <testcase name="testFogotPasswordCancel" time="2.684" classname="com.lifeco.tests.LoginTest"/>
  <testcase name="testForgotResetPassword" time="0.0" classname="com.lifeco.tests.LoginTest">
    <ignored/>
  </testcase> <!-- testForgotResetPassword -->
</testsuite> <!-- Login -->
