<?xml version="1.0" encoding="UTF-8"?>
<!-- Generated by org.testng.reporters.JUnitXMLReporter -->
<testsuite hostname="DESKTOP-A96QGMO" ignored="2" name="Policyholder Invited " tests="1" failures="0" timestamp="06 Sep 2019 12:03:44 GMT" time="146.895" errors="0">
  <testcase name="verifyEditPolicyHolder" time="134.139" classname="com.lifeco.tests.Users_Policyholder_InvitedTest"/>
  <testcase name="verifyAddPolicyHolder" time="0.0" classname="com.lifeco.tests.Users_Policyholder_InvitedTest">
    <ignored/>
  </testcase> <!-- verifyAddPolicyHolder -->
  <testcase name="verifyNavigateToPolicyholderInvitedTest" time="0.0" classname="com.lifeco.tests.Users_Policyholder_InvitedTest">
    <ignored/>
  </testcase> <!-- verifyNavigateToPolicyholderInvitedTest -->
</testsuite> <!-- Policyholder Invited  -->
