<?xml version="1.0" encoding="UTF-8"?>
<!-- Generated by org.testng.reporters.JUnitXMLReporter -->
<testsuite hostname="DESKTOP-A96QGMO" ignored="2" name="Policyholder policies Test" tests="1" failures="0" timestamp="06 Sep 2019 12:06:44 GMT" time="179.95" errors="0">
  <testcase name="verifyEditPolicy" time="170.62" classname="com.lifeco.tests.Users_Policyhoder_Policies_Test"/>
  <testcase name="navigateToPolicyHolderPolicies" time="0.0" classname="com.lifeco.tests.Users_Policyhoder_Policies_Test">
    <ignored/>
  </testcase> <!-- navigateToPolicyHolderPolicies -->
  <testcase name="verifyAddPolicy" time="0.0" classname="com.lifeco.tests.Users_Policyhoder_Policies_Test">
    <ignored/>
  </testcase> <!-- verifyAddPolicy -->
</testsuite> <!-- Policyholder policies Test -->
