<?xml version="1.0" encoding="UTF-8"?>
<!-- Generated by org.testng.reporters.JUnitXMLReporter -->
<testsuite hostname="DESKTOP-A96QGMO" ignored="4" name="User Policyholder Enrolled" tests="1" failures="0" timestamp="06 Sep 2019 12:01:17 GMT" time="122.695" errors="0">
  <testcase name="editUser" time="112.962" classname="com.lifeco.tests.Users_Policyholder_EnrolledTest"/>
  <testcase name="createUser" time="0.0" classname="com.lifeco.tests.Users_Policyholder_EnrolledTest">
    <ignored/>
  </testcase> <!-- createUser -->
  <testcase name="VerifyDeleteUser" time="0.0" classname="com.lifeco.tests.Users_Policyholder_EnrolledTest">
    <ignored/>
  </testcase> <!-- VerifyDeleteUser -->
  <testcase name="verifyCreateTag" time="0.0" classname="com.lifeco.tests.Users_Policyholder_EnrolledTest">
    <ignored/>
  </testcase> <!-- verifyCreateTag -->
  <testcase name="verifyNavigateToPolicyholderEnrolled" time="0.0" classname="com.lifeco.tests.Users_Policyholder_EnrolledTest">
    <ignored/>
  </testcase> <!-- verifyNavigateToPolicyholderEnrolled -->
</testsuite> <!-- User Policyholder Enrolled -->
