<?xml version="1.0" encoding="UTF-8"?>
<!-- Generated by org.testng.reporters.JUnitXMLReporter -->
<testsuite hostname="DESKTOP-A96QGMO" ignored="1" name="CreateTag" tests="1" failures="1" timestamp="12 Sep 2019 07:11:29 GMT" time="0.146" errors="0">
  <testcase name="navigateToDataSurveyResponses" time="0.0" classname="com.lifeco.data.Data_SurveyResponses_Test">
    <failure type="org.testng.TestNGException" message="
Cannot inject @Test annotated Method [navigateToDataSurveyResponses] with [class java.lang.String, class java.lang.String, class java.lang.String, class java.lang.String].
For more information on native dependency injection please refer to http://testng.org/doc/documentation-main.html#native-dependency-injection">
      <![CDATA[org.testng.TestNGException: 
Cannot inject @Test annotated Method [navigateToDataSurveyResponses] with [class java.lang.String, class java.lang.String, class java.lang.String, class java.lang.String].
For more information on native dependency injection please refer to http://testng.org/doc/documentation-main.html#native-dependency-injection
... Removed 24 stack frames]]>
    </failure>
  </testcase> <!-- navigateToDataSurveyResponses -->
  <testcase name="createTag" time="0.0" classname="com.lifeco.data.Data_SurveyResponses_Test">
    <ignored/>
  </testcase> <!-- createTag -->
</testsuite> <!-- CreateTag -->
